<?xml version="1.0" encoding="UTF-8"?>
<testng-results skipped="0" failed="0" ignored="1" total="2" passed="1">
  <reporter-output>
  </reporter-output>
  <suite name="Failed suite [Suite]" duration-ms="41482" started-at="2019-09-27T11:46:03Z" finished-at="2019-09-27T11:46:45Z">
    <groups>
    </groups>
    <test name="direct_url_testing(failed)" duration-ms="41482" started-at="2019-09-27T11:46:03Z" finished-at="2019-09-27T11:46:45Z">
      <class name="com.asms.testcases.DirectURLTesting">
        <test-method status="PASS" signature="setupSuite()[pri:0, instance:com.asms.testcases.DirectURLTesting@754ba872]" name="setupSuite" is-config="true" duration-ms="745" started-at="2019-09-27T11:46:03Z" finished-at="2019-09-27T11:46:03Z">
          <reporter-output>
          </reporter-output>
        </test-method> <!-- setupSuite -->
        <test-method status="PASS" signature="directASMS_URL_Testing_After_Login(java.lang.String)[pri:0, instance:com.asms.testcases.DirectURLTesting@754ba872]" name="directASMS_URL_Testing_After_Login" duration-ms="34243" started-at="2019-09-27T11:46:07Z" data-provider="directURL" finished-at="2019-09-27T11:46:41Z">
          <params>
            <param index="0">
              <value>
                <![CDATA[http://182.75.89.80:8090/bialelmsuat/LMS/Training/OnlineCourseScheduling.aspx]]>
              </value>
            </param>
          </params>
          <reporter-output>
          </reporter-output>
        </test-method> <!-- directASMS_URL_Testing_After_Login -->
        <test-method status="PASS" signature="tearDownMethod(org.testng.ITestResult)[pri:0, instance:com.asms.testcases.DirectURLTesting@754ba872]" name="tearDownMethod" is-config="true" duration-ms="4180" started-at="2019-09-27T11:46:41Z" finished-at="2019-09-27T11:46:45Z">
          <params>
            <param index="0">
              <value>
                <![CDATA[[TestResult name=directASMS_URL_Testing_After_Login status=SUCCESS method=DirectURLTesting.directASMS_URL_Testing_After_Login(java.lang.String)[pri:0, instance:com.asms.testcases.DirectURLTesting@754ba872] output={null}]]]>
              </value>
            </param>
          </params>
          <reporter-output>
          </reporter-output>
        </test-method> <!-- tearDownMethod -->
      </class> <!-- com.asms.testcases.DirectURLTesting -->
    </test> <!-- direct_url_testing(failed) -->
  </suite> <!-- Failed suite [Suite] -->
</testng-results>
