<?xml version="1.0" encoding="UTF-8"?>
<!-- Generated by org.testng.reporters.JUnitXMLReporter -->
<testsuite hostname="Ashok" ignored="2" name="direct_url_testing" tests="3" failures="0" timestamp="27 Sep 2019 11:22:26 GMT" time="7.591" errors="0">
  <testcase name="@AfterMethod tearDownMethod" time="0.031" classname="com.asms.pages.BaseClass">
    <failure type="java.lang.NullPointerException">
      <![CDATA[java.lang.NullPointerException
at com.asms.utility.Helper.captureScreenshot(Helper.java:25)
at com.asms.pages.BaseClass.tearDownMethod(BaseClass.java:65)
... Removed 32 stack frames]]>
    </failure>
  </testcase> <!-- @AfterMethod tearDownMethod -->
  <testcase name="@AfterMethod tearDownMethod" time="0.0" classname="com.asms.pages.BaseClass">
    <skipped/>
  </testcase> <!-- @AfterMethod tearDownMethod -->
  <testcase name="@AfterMethod tearDownMethod" time="0.0" classname="com.asms.pages.BaseClass">
    <skipped/>
  </testcase> <!-- @AfterMethod tearDownMethod -->
  <testcase name="directASMS_URL_Testing_After_Login" time="4.928" classname="com.asms.testcases.DirectURLTesting"/>
  <testcase name="directASMS_URL_Testing_After_Login" time="0.0" classname="com.asms.testcases.DirectURLTesting">
    <skipped/>
  </testcase> <!-- directASMS_URL_Testing_After_Login -->
  <testcase name="directASMS_URL_Testing_After_Login" time="0.0" classname="com.asms.testcases.DirectURLTesting">
    <skipped/>
  </testcase> <!-- directASMS_URL_Testing_After_Login -->
  <testcase name="directASMS_URL_Testing" time="0.0" classname="com.asms.testcases.DirectURLTesting">
    <ignored/>
  </testcase> <!-- directASMS_URL_Testing -->
  <testcase name="applicationLogin" time="0.0" classname="com.asms.testcases.DirectURLTesting">
    <ignored/>
  </testcase> <!-- applicationLogin -->
</testsuite> <!-- direct_url_testing -->
