<?xml version="1.0" encoding="UTF-8"?>
<!-- Generated by org.testng.reporters.JUnitXMLReporter -->
<testsuite hostname="Ashok" ignored="1" name="direct_url_testing(failed)" tests="1" failures="0" timestamp="27 Sep 2019 11:46:45 GMT" time="41.482" errors="0">
  <testcase name="directASMS_URL_Testing_After_Login" time="34.243" classname="com.asms.testcases.DirectURLTesting"/>
  <testcase name="directASMS_URL_Testing" time="0.0" classname="com.asms.testcases.DirectURLTesting">
    <ignored/>
  </testcase> <!-- directASMS_URL_Testing -->
</testsuite> <!-- direct_url_testing(failed) -->
