-------------------------------------------------------------------------------
Test set: TestSuite
-------------------------------------------------------------------------------
Tests run: 6, Failures: 1, Errors: 0, Skipped: 4, Time elapsed: 12.06 s <<< FAILURE! - in TestSuite
tearDownMethod(com.asms.testcases.DirectURLTesting)  Time elapsed: 4.975 s  <<< FAILURE!
java.lang.NullPointerException

