<?xml version="1.0" encoding="UTF-8"?>
<testsuite xmlns:xsi="http://www.w3.org/2001/XMLSchema-instance" xsi:noNamespaceSchemaLocation="https://maven.apache.org/surefire/maven-surefire-plugin/xsd/surefire-test-report-3.0.xsd" version="3.0" name="TestSuite" time="114.289" tests="3" errors="0" skipped="0" failures="0">
  <properties>
[...]
</properties>
  <testcase name="loginApp" classname="com.asms.testcases.LoginTestASMS" time="9.883"/>
  <testcase name="loginApp" classname="com.asms.testcases.LoginTestASMS" time="7.448"/>
  <testcase name="loginApp" classname="com.asms.testcases.LoginTestASMS" time="8.835"/>
</testsuite>