<?xml version="1.0" encoding="UTF-8"?>
<testng-results skipped="0" failed="0" ignored="0" total="3" passed="3">
  <reporter-output>
  </reporter-output>
  <suite name="Suite" duration-ms="108532" started-at="2019-11-16T06:04:31Z" finished-at="2019-11-16T06:06:19Z">
    <groups>
    </groups>
    <test name="SmokeTesting" duration-ms="108532" started-at="2019-11-16T06:04:31Z" finished-at="2019-11-16T06:06:19Z">
      <class name="com.asms.testcases.LoginTestASMS">
        <test-method status="PASS" signature="setupSuite()[pri:0, instance:com.asms.testcases.LoginTestASMS@12843fce]" name="setupSuite" is-config="true" duration-ms="2152" started-at="2019-11-16T06:04:29Z" finished-at="2019-11-16T06:04:31Z">
          <reporter-output>
          </reporter-output>
        </test-method> <!-- setupSuite -->
        <test-method status="PASS" signature="setup()[pri:0, instance:com.asms.testcases.LoginTestASMS@12843fce]" name="setup" is-config="true" duration-ms="43263" started-at="2019-11-16T06:04:36Z" finished-at="2019-11-16T06:05:19Z">
          <reporter-output>
          </reporter-output>
        </test-method> <!-- setup -->
        <test-method status="PASS" signature="loginApp(java.lang.String, java.lang.String)[pri:0, instance:com.asms.testcases.LoginTestASMS@12843fce]" name="loginApp" duration-ms="9885" started-at="2019-11-16T06:05:19Z" data-provider="userCredentials" finished-at="2019-11-16T06:05:29Z">
          <params>
            <param index="0">
              <value>
                <![CDATA[bial100807]]>
              </value>
            </param>
            <param index="1">
              <value>
                <![CDATA[welcome]]>
              </value>
            </param>
          </params>
          <reporter-output>
          </reporter-output>
        </test-method> <!-- loginApp -->
        <test-method status="PASS" signature="tearDownMethod(org.testng.ITestResult)[pri:0, instance:com.asms.testcases.LoginTestASMS@12843fce]" name="tearDownMethod" is-config="true" duration-ms="5474" started-at="2019-11-16T06:05:29Z" finished-at="2019-11-16T06:05:34Z">
          <params>
            <param index="0">
              <value>
                <![CDATA[[TestResult name=loginApp status=SUCCESS method=LoginTestASMS.loginApp(java.lang.String, java.lang.String)[pri:0, instance:com.asms.testcases.LoginTestASMS@12843fce] output={null}]]]>
              </value>
            </param>
          </params>
          <reporter-output>
          </reporter-output>
        </test-method> <!-- tearDownMethod -->
        <test-method status="PASS" signature="setup()[pri:0, instance:com.asms.testcases.LoginTestASMS@12843fce]" name="setup" is-config="true" duration-ms="8416" started-at="2019-11-16T06:05:34Z" finished-at="2019-11-16T06:05:43Z">
          <reporter-output>
          </reporter-output>
        </test-method> <!-- setup -->
        <test-method status="PASS" signature="loginApp(java.lang.String, java.lang.String)[pri:0, instance:com.asms.testcases.LoginTestASMS@12843fce]" name="loginApp" duration-ms="7450" started-at="2019-11-16T06:05:43Z" data-provider="userCredentials" finished-at="2019-11-16T06:05:50Z">
          <params>
            <param index="0">
              <value>
                <![CDATA[bial100701]]>
              </value>
            </param>
            <param index="1">
              <value>
                <![CDATA[welcome]]>
              </value>
            </param>
          </params>
          <reporter-output>
          </reporter-output>
        </test-method> <!-- loginApp -->
        <test-method status="PASS" signature="tearDownMethod(org.testng.ITestResult)[pri:0, instance:com.asms.testcases.LoginTestASMS@12843fce]" name="tearDownMethod" is-config="true" duration-ms="3854" started-at="2019-11-16T06:05:50Z" finished-at="2019-11-16T06:05:54Z">
          <params>
            <param index="0">
              <value>
                <![CDATA[[TestResult name=loginApp status=SUCCESS method=LoginTestASMS.loginApp(java.lang.String, java.lang.String)[pri:0, instance:com.asms.testcases.LoginTestASMS@12843fce] output={null}]]]>
              </value>
            </param>
          </params>
          <reporter-output>
          </reporter-output>
        </test-method> <!-- tearDownMethod -->
        <test-method status="PASS" signature="setup()[pri:0, instance:com.asms.testcases.LoginTestASMS@12843fce]" name="setup" is-config="true" duration-ms="13359" started-at="2019-11-16T06:05:54Z" finished-at="2019-11-16T06:06:07Z">
          <reporter-output>
          </reporter-output>
        </test-method> <!-- setup -->
        <test-method status="PASS" signature="loginApp(java.lang.String, java.lang.String)[pri:0, instance:com.asms.testcases.LoginTestASMS@12843fce]" name="loginApp" duration-ms="8837" started-at="2019-11-16T06:06:07Z" data-provider="userCredentials" finished-at="2019-11-16T06:06:16Z">
          <params>
            <param index="0">
              <value>
                <![CDATA[bial100622]]>
              </value>
            </param>
            <param index="1">
              <value>
                <![CDATA[welcome]]>
              </value>
            </param>
          </params>
          <reporter-output>
          </reporter-output>
        </test-method> <!-- loginApp -->
        <test-method status="PASS" signature="tearDownMethod(org.testng.ITestResult)[pri:0, instance:com.asms.testcases.LoginTestASMS@12843fce]" name="tearDownMethod" is-config="true" duration-ms="3076" started-at="2019-11-16T06:06:16Z" finished-at="2019-11-16T06:06:19Z">
          <params>
            <param index="0">
              <value>
                <![CDATA[[TestResult name=loginApp status=SUCCESS method=LoginTestASMS.loginApp(java.lang.String, java.lang.String)[pri:0, instance:com.asms.testcases.LoginTestASMS@12843fce] output={null}]]]>
              </value>
            </param>
          </params>
          <reporter-output>
          </reporter-output>
        </test-method> <!-- tearDownMethod -->
      </class> <!-- com.asms.testcases.LoginTestASMS -->
    </test> <!-- SmokeTesting -->
  </suite> <!-- Suite -->
</testng-results>
