<?xml version="1.0" encoding="UTF-8"?>
<!-- Generated by org.testng.reporters.JUnitXMLReporter -->
<testsuite hostname="Ashok" ignored="1" name="direct_url_testing" tests="3" failures="1" timestamp="27 Sep 2019 11:30:49 GMT" time="68.181" errors="0">
  <testcase name="directASMS_URL_Testing_After_Login" time="26.133" classname="com.asms.testcases.DirectURLTesting"/>
  <testcase name="directASMS_URL_Testing_After_Login" time="18.008" classname="com.asms.testcases.DirectURLTesting">
    <failure type="java.lang.AssertionError" message="The following asserts failed:
	expected [true] but found [false]">
      <![CDATA[java.lang.AssertionError: The following asserts failed:
expected [true] but found [false]
at com.asms.testcases.DirectURLTesting.directASMS_URL_Testing_After_Login(DirectURLTesting.java:151)
... Removed 26 stack frames]]>
    </failure>
  </testcase> <!-- directASMS_URL_Testing_After_Login -->
  <testcase name="directASMS_URL_Testing_After_Login" time="17.176" classname="com.asms.testcases.DirectURLTesting"/>
  <testcase name="directASMS_URL_Testing" time="0.0" classname="com.asms.testcases.DirectURLTesting">
    <ignored/>
  </testcase> <!-- directASMS_URL_Testing -->
</testsuite> <!-- direct_url_testing -->
