<?xml version="1.0" encoding="UTF-8"?>
<!-- Generated by org.testng.reporters.JUnitXMLReporter -->
<testsuite hostname="Ashok-PC" ignored="0" name="SmokeTesting" tests="3" failures="0" timestamp="16 Nov 2019 05:53:14 GMT" time="140.548" errors="0">
  <testcase name="loginApp" time="13.173" classname="com.asms.testcases.LoginTestASMS"/>
  <testcase name="loginApp" time="8.135" classname="com.asms.testcases.LoginTestASMS"/>
  <testcase name="loginApp" time="10.019" classname="com.asms.testcases.LoginTestASMS"/>
</testsuite> <!-- SmokeTesting -->
