<?xml version="1.0" encoding="UTF-8"?>
<!-- Generated by org.testng.reporters.JUnitXMLReporter -->
<testsuite hostname="Ashok" ignored="1" name="Test" tests="107" failures="2" timestamp="26 Sep 2019 02:10:28 GMT" time="2.86" errors="0">
  <testcase name="@AfterMethod tearDownMethod" time="0.0" classname="com.asms.pages.BaseClass">
    <failure type="java.lang.NullPointerException">
      <![CDATA[java.lang.NullPointerException
at com.asms.utility.Helper.captureScreenshot(Helper.java:25)
at com.asms.pages.BaseClass.tearDownMethod(BaseClass.java:60)
... Removed 28 stack frames]]>
    </failure>
  </testcase> <!-- @AfterMethod tearDownMethod -->
  <testcase name="@AfterMethod tearDownMethod" time="0.0" classname="com.asms.pages.BaseClass">
    <skipped/>
  </testcase> <!-- @AfterMethod tearDownMethod -->
  <testcase name="@AfterMethod tearDownMethod" time="0.0" classname="com.asms.pages.BaseClass">
    <skipped/>
  </testcase> <!-- @AfterMethod tearDownMethod -->
  <testcase name="@AfterMethod tearDownMethod" time="0.0" classname="com.asms.pages.BaseClass">
    <failure type="java.lang.NullPointerException">
      <![CDATA[java.lang.NullPointerException
at com.asms.utility.Helper.captureScreenshot(Helper.java:25)
at com.asms.pages.BaseClass.tearDownMethod(BaseClass.java:60)
... Removed 28 stack frames]]>
    </failure>
  </testcase> <!-- @AfterMethod tearDownMethod -->
  <testcase name="@AfterMethod tearDownMethod" time="0.0" classname="com.asms.pages.BaseClass">
    <skipped/>
  </testcase> <!-- @AfterMethod tearDownMethod -->
  <testcase name="@AfterMethod tearDownMethod" time="0.0" classname="com.asms.pages.BaseClass">
    <skipped/>
  </testcase> <!-- @AfterMethod tearDownMethod -->
  <testcase name="@AfterMethod tearDownMethod" time="0.0" classname="com.asms.pages.BaseClass">
    <skipped/>
  </testcase> <!-- @AfterMethod tearDownMethod -->
  <testcase name="@AfterMethod tearDownMethod" time="0.0" classname="com.asms.pages.BaseClass">
    <skipped/>
  </testcase> <!-- @AfterMethod tearDownMethod -->
  <testcase name="@AfterMethod tearDownMethod" time="0.0" classname="com.asms.pages.BaseClass">
    <skipped/>
  </testcase> <!-- @AfterMethod tearDownMethod -->
  <testcase name="@AfterMethod tearDownMethod" time="0.0" classname="com.asms.pages.BaseClass">
    <skipped/>
  </testcase> <!-- @AfterMethod tearDownMethod -->
  <testcase name="@AfterMethod tearDownMethod" time="0.0" classname="com.asms.pages.BaseClass">
    <skipped/>
  </testcase> <!-- @AfterMethod tearDownMethod -->
  <testcase name="@AfterMethod tearDownMethod" time="0.0" classname="com.asms.pages.BaseClass">
    <skipped/>
  </testcase> <!-- @AfterMethod tearDownMethod -->
  <testcase name="@AfterMethod tearDownMethod" time="0.0" classname="com.asms.pages.BaseClass">
    <skipped/>
  </testcase> <!-- @AfterMethod tearDownMethod -->
  <testcase name="@AfterMethod tearDownMethod" time="0.0" classname="com.asms.pages.BaseClass">
    <skipped/>
  </testcase> <!-- @AfterMethod tearDownMethod -->
  <testcase name="@AfterMethod tearDownMethod" time="0.0" classname="com.asms.pages.BaseClass">
    <skipped/>
  </testcase> <!-- @AfterMethod tearDownMethod -->
  <testcase name="@AfterMethod tearDownMethod" time="0.0" classname="com.asms.pages.BaseClass">
    <skipped/>
  </testcase> <!-- @AfterMethod tearDownMethod -->
  <testcase name="@AfterMethod tearDownMethod" time="0.0" classname="com.asms.pages.BaseClass">
    <skipped/>
  </testcase> <!-- @AfterMethod tearDownMethod -->
  <testcase name="@AfterMethod tearDownMethod" time="0.0" classname="com.asms.pages.BaseClass">
    <skipped/>
  </testcase> <!-- @AfterMethod tearDownMethod -->
  <testcase name="@AfterMethod tearDownMethod" time="0.0" classname="com.asms.pages.BaseClass">
    <skipped/>
  </testcase> <!-- @AfterMethod tearDownMethod -->
  <testcase name="@AfterMethod tearDownMethod" time="0.0" classname="com.asms.pages.BaseClass">
    <skipped/>
  </testcase> <!-- @AfterMethod tearDownMethod -->
  <testcase name="@AfterMethod tearDownMethod" time="0.0" classname="com.asms.pages.BaseClass">
    <skipped/>
  </testcase> <!-- @AfterMethod tearDownMethod -->
  <testcase name="@AfterMethod tearDownMethod" time="0.0" classname="com.asms.pages.BaseClass">
    <skipped/>
  </testcase> <!-- @AfterMethod tearDownMethod -->
  <testcase name="@AfterMethod tearDownMethod" time="0.0" classname="com.asms.pages.BaseClass">
    <skipped/>
  </testcase> <!-- @AfterMethod tearDownMethod -->
  <testcase name="@AfterMethod tearDownMethod" time="0.0" classname="com.asms.pages.BaseClass">
    <skipped/>
  </testcase> <!-- @AfterMethod tearDownMethod -->
  <testcase name="@AfterMethod tearDownMethod" time="0.0" classname="com.asms.pages.BaseClass">
    <skipped/>
  </testcase> <!-- @AfterMethod tearDownMethod -->
  <testcase name="@AfterMethod tearDownMethod" time="0.0" classname="com.asms.pages.BaseClass">
    <skipped/>
  </testcase> <!-- @AfterMethod tearDownMethod -->
  <testcase name="@AfterMethod tearDownMethod" time="0.0" classname="com.asms.pages.BaseClass">
    <skipped/>
  </testcase> <!-- @AfterMethod tearDownMethod -->
  <testcase name="@AfterMethod tearDownMethod" time="0.0" classname="com.asms.pages.BaseClass">
    <skipped/>
  </testcase> <!-- @AfterMethod tearDownMethod -->
  <testcase name="@AfterMethod tearDownMethod" time="0.0" classname="com.asms.pages.BaseClass">
    <skipped/>
  </testcase> <!-- @AfterMethod tearDownMethod -->
  <testcase name="@AfterMethod tearDownMethod" time="0.0" classname="com.asms.pages.BaseClass">
    <skipped/>
  </testcase> <!-- @AfterMethod tearDownMethod -->
  <testcase name="@AfterMethod tearDownMethod" time="0.0" classname="com.asms.pages.BaseClass">
    <skipped/>
  </testcase> <!-- @AfterMethod tearDownMethod -->
  <testcase name="@AfterMethod tearDownMethod" time="0.0" classname="com.asms.pages.BaseClass">
    <skipped/>
  </testcase> <!-- @AfterMethod tearDownMethod -->
  <testcase name="@AfterMethod tearDownMethod" time="0.0" classname="com.asms.pages.BaseClass">
    <skipped/>
  </testcase> <!-- @AfterMethod tearDownMethod -->
  <testcase name="@AfterMethod tearDownMethod" time="0.0" classname="com.asms.pages.BaseClass">
    <skipped/>
  </testcase> <!-- @AfterMethod tearDownMethod -->
  <testcase name="@AfterMethod tearDownMethod" time="0.0" classname="com.asms.pages.BaseClass">
    <skipped/>
  </testcase> <!-- @AfterMethod tearDownMethod -->
  <testcase name="@AfterMethod tearDownMethod" time="0.0" classname="com.asms.pages.BaseClass">
    <skipped/>
  </testcase> <!-- @AfterMethod tearDownMethod -->
  <testcase name="@AfterMethod tearDownMethod" time="0.0" classname="com.asms.pages.BaseClass">
    <skipped/>
  </testcase> <!-- @AfterMethod tearDownMethod -->
  <testcase name="@AfterMethod tearDownMethod" time="0.0" classname="com.asms.pages.BaseClass">
    <skipped/>
  </testcase> <!-- @AfterMethod tearDownMethod -->
  <testcase name="@AfterMethod tearDownMethod" time="0.0" classname="com.asms.pages.BaseClass">
    <skipped/>
  </testcase> <!-- @AfterMethod tearDownMethod -->
  <testcase name="@AfterMethod tearDownMethod" time="0.0" classname="com.asms.pages.BaseClass">
    <skipped/>
  </testcase> <!-- @AfterMethod tearDownMethod -->
  <testcase name="@AfterMethod tearDownMethod" time="0.0" classname="com.asms.pages.BaseClass">
    <skipped/>
  </testcase> <!-- @AfterMethod tearDownMethod -->
  <testcase name="@AfterMethod tearDownMethod" time="0.0" classname="com.asms.pages.BaseClass">
    <skipped/>
  </testcase> <!-- @AfterMethod tearDownMethod -->
  <testcase name="@AfterMethod tearDownMethod" time="0.0" classname="com.asms.pages.BaseClass">
    <skipped/>
  </testcase> <!-- @AfterMethod tearDownMethod -->
  <testcase name="@AfterMethod tearDownMethod" time="0.0" classname="com.asms.pages.BaseClass">
    <skipped/>
  </testcase> <!-- @AfterMethod tearDownMethod -->
  <testcase name="@AfterMethod tearDownMethod" time="0.0" classname="com.asms.pages.BaseClass">
    <skipped/>
  </testcase> <!-- @AfterMethod tearDownMethod -->
  <testcase name="@AfterMethod tearDownMethod" time="0.0" classname="com.asms.pages.BaseClass">
    <skipped/>
  </testcase> <!-- @AfterMethod tearDownMethod -->
  <testcase name="@AfterMethod tearDownMethod" time="0.0" classname="com.asms.pages.BaseClass">
    <skipped/>
  </testcase> <!-- @AfterMethod tearDownMethod -->
  <testcase name="@AfterMethod tearDownMethod" time="0.0" classname="com.asms.pages.BaseClass">
    <skipped/>
  </testcase> <!-- @AfterMethod tearDownMethod -->
  <testcase name="@AfterMethod tearDownMethod" time="0.0" classname="com.asms.pages.BaseClass">
    <skipped/>
  </testcase> <!-- @AfterMethod tearDownMethod -->
  <testcase name="@AfterMethod tearDownMethod" time="0.0" classname="com.asms.pages.BaseClass">
    <skipped/>
  </testcase> <!-- @AfterMethod tearDownMethod -->
  <testcase name="@AfterMethod tearDownMethod" time="0.0" classname="com.asms.pages.BaseClass">
    <skipped/>
  </testcase> <!-- @AfterMethod tearDownMethod -->
  <testcase name="@AfterMethod tearDownMethod" time="0.0" classname="com.asms.pages.BaseClass">
    <skipped/>
  </testcase> <!-- @AfterMethod tearDownMethod -->
  <testcase name="@AfterMethod tearDownMethod" time="0.0" classname="com.asms.pages.BaseClass">
    <skipped/>
  </testcase> <!-- @AfterMethod tearDownMethod -->
  <testcase name="@AfterMethod tearDownMethod" time="0.0" classname="com.asms.pages.BaseClass">
    <skipped/>
  </testcase> <!-- @AfterMethod tearDownMethod -->
  <testcase name="@AfterMethod tearDownMethod" time="0.0" classname="com.asms.pages.BaseClass">
    <skipped/>
  </testcase> <!-- @AfterMethod tearDownMethod -->
  <testcase name="@AfterMethod tearDownMethod" time="0.0" classname="com.asms.pages.BaseClass">
    <skipped/>
  </testcase> <!-- @AfterMethod tearDownMethod -->
  <testcase name="@AfterMethod tearDownMethod" time="0.0" classname="com.asms.pages.BaseClass">
    <skipped/>
  </testcase> <!-- @AfterMethod tearDownMethod -->
  <testcase name="@AfterMethod tearDownMethod" time="0.0" classname="com.asms.pages.BaseClass">
    <skipped/>
  </testcase> <!-- @AfterMethod tearDownMethod -->
  <testcase name="@AfterMethod tearDownMethod" time="0.0" classname="com.asms.pages.BaseClass">
    <skipped/>
  </testcase> <!-- @AfterMethod tearDownMethod -->
  <testcase name="@AfterMethod tearDownMethod" time="0.0" classname="com.asms.pages.BaseClass">
    <skipped/>
  </testcase> <!-- @AfterMethod tearDownMethod -->
  <testcase name="@AfterMethod tearDownMethod" time="0.0" classname="com.asms.pages.BaseClass">
    <skipped/>
  </testcase> <!-- @AfterMethod tearDownMethod -->
  <testcase name="@AfterMethod tearDownMethod" time="0.0" classname="com.asms.pages.BaseClass">
    <skipped/>
  </testcase> <!-- @AfterMethod tearDownMethod -->
  <testcase name="@AfterMethod tearDownMethod" time="0.0" classname="com.asms.pages.BaseClass">
    <skipped/>
  </testcase> <!-- @AfterMethod tearDownMethod -->
  <testcase name="@AfterMethod tearDownMethod" time="0.0" classname="com.asms.pages.BaseClass">
    <skipped/>
  </testcase> <!-- @AfterMethod tearDownMethod -->
  <testcase name="@AfterMethod tearDownMethod" time="0.0" classname="com.asms.pages.BaseClass">
    <skipped/>
  </testcase> <!-- @AfterMethod tearDownMethod -->
  <testcase name="@AfterMethod tearDownMethod" time="0.0" classname="com.asms.pages.BaseClass">
    <skipped/>
  </testcase> <!-- @AfterMethod tearDownMethod -->
  <testcase name="@AfterMethod tearDownMethod" time="0.0" classname="com.asms.pages.BaseClass">
    <skipped/>
  </testcase> <!-- @AfterMethod tearDownMethod -->
  <testcase name="@AfterMethod tearDownMethod" time="0.0" classname="com.asms.pages.BaseClass">
    <skipped/>
  </testcase> <!-- @AfterMethod tearDownMethod -->
  <testcase name="@AfterMethod tearDownMethod" time="0.0" classname="com.asms.pages.BaseClass">
    <skipped/>
  </testcase> <!-- @AfterMethod tearDownMethod -->
  <testcase name="@AfterMethod tearDownMethod" time="0.0" classname="com.asms.pages.BaseClass">
    <skipped/>
  </testcase> <!-- @AfterMethod tearDownMethod -->
  <testcase name="@AfterMethod tearDownMethod" time="0.0" classname="com.asms.pages.BaseClass">
    <skipped/>
  </testcase> <!-- @AfterMethod tearDownMethod -->
  <testcase name="@AfterMethod tearDownMethod" time="0.0" classname="com.asms.pages.BaseClass">
    <skipped/>
  </testcase> <!-- @AfterMethod tearDownMethod -->
  <testcase name="@AfterMethod tearDownMethod" time="0.0" classname="com.asms.pages.BaseClass">
    <skipped/>
  </testcase> <!-- @AfterMethod tearDownMethod -->
  <testcase name="@AfterMethod tearDownMethod" time="0.0" classname="com.asms.pages.BaseClass">
    <skipped/>
  </testcase> <!-- @AfterMethod tearDownMethod -->
  <testcase name="@AfterMethod tearDownMethod" time="0.0" classname="com.asms.pages.BaseClass">
    <skipped/>
  </testcase> <!-- @AfterMethod tearDownMethod -->
  <testcase name="@AfterMethod tearDownMethod" time="0.0" classname="com.asms.pages.BaseClass">
    <skipped/>
  </testcase> <!-- @AfterMethod tearDownMethod -->
  <testcase name="@AfterMethod tearDownMethod" time="0.0" classname="com.asms.pages.BaseClass">
    <skipped/>
  </testcase> <!-- @AfterMethod tearDownMethod -->
  <testcase name="@AfterMethod tearDownMethod" time="0.0" classname="com.asms.pages.BaseClass">
    <skipped/>
  </testcase> <!-- @AfterMethod tearDownMethod -->
  <testcase name="@AfterMethod tearDownMethod" time="0.0" classname="com.asms.pages.BaseClass">
    <skipped/>
  </testcase> <!-- @AfterMethod tearDownMethod -->
  <testcase name="@AfterMethod tearDownMethod" time="0.0" classname="com.asms.pages.BaseClass">
    <skipped/>
  </testcase> <!-- @AfterMethod tearDownMethod -->
  <testcase name="@AfterMethod tearDownMethod" time="0.0" classname="com.asms.pages.BaseClass">
    <skipped/>
  </testcase> <!-- @AfterMethod tearDownMethod -->
  <testcase name="@AfterMethod tearDownMethod" time="0.0" classname="com.asms.pages.BaseClass">
    <skipped/>
  </testcase> <!-- @AfterMethod tearDownMethod -->
  <testcase name="@AfterMethod tearDownMethod" time="0.0" classname="com.asms.pages.BaseClass">
    <skipped/>
  </testcase> <!-- @AfterMethod tearDownMethod -->
  <testcase name="@AfterMethod tearDownMethod" time="0.0" classname="com.asms.pages.BaseClass">
    <skipped/>
  </testcase> <!-- @AfterMethod tearDownMethod -->
  <testcase name="@AfterMethod tearDownMethod" time="0.0" classname="com.asms.pages.BaseClass">
    <skipped/>
  </testcase> <!-- @AfterMethod tearDownMethod -->
  <testcase name="@AfterMethod tearDownMethod" time="0.0" classname="com.asms.pages.BaseClass">
    <skipped/>
  </testcase> <!-- @AfterMethod tearDownMethod -->
  <testcase name="@AfterMethod tearDownMethod" time="0.0" classname="com.asms.pages.BaseClass">
    <skipped/>
  </testcase> <!-- @AfterMethod tearDownMethod -->
  <testcase name="@AfterMethod tearDownMethod" time="0.0" classname="com.asms.pages.BaseClass">
    <skipped/>
  </testcase> <!-- @AfterMethod tearDownMethod -->
  <testcase name="@AfterMethod tearDownMethod" time="0.0" classname="com.asms.pages.BaseClass">
    <skipped/>
  </testcase> <!-- @AfterMethod tearDownMethod -->
  <testcase name="@AfterMethod tearDownMethod" time="0.0" classname="com.asms.pages.BaseClass">
    <skipped/>
  </testcase> <!-- @AfterMethod tearDownMethod -->
  <testcase name="@AfterMethod tearDownMethod" time="0.0" classname="com.asms.pages.BaseClass">
    <skipped/>
  </testcase> <!-- @AfterMethod tearDownMethod -->
  <testcase name="@AfterMethod tearDownMethod" time="0.0" classname="com.asms.pages.BaseClass">
    <skipped/>
  </testcase> <!-- @AfterMethod tearDownMethod -->
  <testcase name="@AfterMethod tearDownMethod" time="0.0" classname="com.asms.pages.BaseClass">
    <skipped/>
  </testcase> <!-- @AfterMethod tearDownMethod -->
  <testcase name="@AfterMethod tearDownMethod" time="0.0" classname="com.asms.pages.BaseClass">
    <skipped/>
  </testcase> <!-- @AfterMethod tearDownMethod -->
  <testcase name="@AfterMethod tearDownMethod" time="0.0" classname="com.asms.pages.BaseClass">
    <skipped/>
  </testcase> <!-- @AfterMethod tearDownMethod -->
  <testcase name="@AfterMethod tearDownMethod" time="0.0" classname="com.asms.pages.BaseClass">
    <skipped/>
  </testcase> <!-- @AfterMethod tearDownMethod -->
  <testcase name="@AfterMethod tearDownMethod" time="0.0" classname="com.asms.pages.BaseClass">
    <skipped/>
  </testcase> <!-- @AfterMethod tearDownMethod -->
  <testcase name="@AfterMethod tearDownMethod" time="0.0" classname="com.asms.pages.BaseClass">
    <skipped/>
  </testcase> <!-- @AfterMethod tearDownMethod -->
  <testcase name="@AfterMethod tearDownMethod" time="0.0" classname="com.asms.pages.BaseClass">
    <skipped/>
  </testcase> <!-- @AfterMethod tearDownMethod -->
  <testcase name="@AfterMethod tearDownMethod" time="0.0" classname="com.asms.pages.BaseClass">
    <skipped/>
  </testcase> <!-- @AfterMethod tearDownMethod -->
  <testcase name="@AfterMethod tearDownMethod" time="0.0" classname="com.asms.pages.BaseClass">
    <skipped/>
  </testcase> <!-- @AfterMethod tearDownMethod -->
  <testcase name="@AfterMethod tearDownMethod" time="0.0" classname="com.asms.pages.BaseClass">
    <skipped/>
  </testcase> <!-- @AfterMethod tearDownMethod -->
  <testcase name="@AfterMethod tearDownMethod" time="0.0" classname="com.asms.pages.BaseClass">
    <skipped/>
  </testcase> <!-- @AfterMethod tearDownMethod -->
  <testcase name="@AfterMethod tearDownMethod" time="0.0" classname="com.asms.pages.BaseClass">
    <skipped/>
  </testcase> <!-- @AfterMethod tearDownMethod -->
  <testcase name="@AfterMethod tearDownMethod" time="0.0" classname="com.asms.pages.BaseClass">
    <skipped/>
  </testcase> <!-- @AfterMethod tearDownMethod -->
  <testcase name="@AfterMethod tearDownMethod" time="0.0" classname="com.asms.pages.BaseClass">
    <skipped/>
  </testcase> <!-- @AfterMethod tearDownMethod -->
  <testcase name="@AfterMethod tearDownMethod" time="0.0" classname="com.asms.pages.BaseClass">
    <skipped/>
  </testcase> <!-- @AfterMethod tearDownMethod -->
  <testcase name="loginApp" time="0.093" classname="com.asms.testcases.LoginTestASMS">
    <failure type="java.lang.NullPointerException">
      <![CDATA[java.lang.NullPointerException
at org.openqa.selenium.support.pagefactory.DefaultElementLocator.findElement(DefaultElementLocator.java:69)
at org.openqa.selenium.support.pagefactory.internal.LocatingElementHandler.invoke(LocatingElementHandler.java:38)
at com.sun.proxy.$Proxy10.clear(Unknown Source)
at com.asms.pages.LoginPage.loginToASMS(LoginPage.java:32)
at com.asms.testcases.LoginTestASMS.loginApp(LoginTestASMS.java:35)
... Removed 25 stack frames]]>
    </failure>
  </testcase> <!-- loginApp -->
  <testcase name="loginApp" time="0.0" classname="com.asms.testcases.LoginTestASMS">
    <skipped/>
  </testcase> <!-- loginApp -->
  <testcase name="loginApp" time="0.0" classname="com.asms.testcases.LoginTestASMS">
    <skipped/>
  </testcase> <!-- loginApp -->
  <testcase name="directASMS_URL_Testing" time="0.008" classname="com.asms.testcases.DirectURLTesting">
    <failure type="java.lang.NullPointerException">
      <![CDATA[java.lang.NullPointerException
at com.asms.testcases.DirectURLTesting.directASMS_URL_Testing(DirectURLTesting.java:40)
... Removed 25 stack frames]]>
    </failure>
  </testcase> <!-- directASMS_URL_Testing -->
  <testcase name="directASMS_URL_Testing" time="0.0" classname="com.asms.testcases.DirectURLTesting">
    <skipped/>
  </testcase> <!-- directASMS_URL_Testing -->
  <testcase name="directASMS_URL_Testing" time="0.0" classname="com.asms.testcases.DirectURLTesting">
    <skipped/>
  </testcase> <!-- directASMS_URL_Testing -->
  <testcase name="directASMS_URL_Testing" time="0.0" classname="com.asms.testcases.DirectURLTesting">
    <skipped/>
  </testcase> <!-- directASMS_URL_Testing -->
  <testcase name="directASMS_URL_Testing" time="0.0" classname="com.asms.testcases.DirectURLTesting">
    <skipped/>
  </testcase> <!-- directASMS_URL_Testing -->
  <testcase name="directASMS_URL_Testing" time="0.0" classname="com.asms.testcases.DirectURLTesting">
    <skipped/>
  </testcase> <!-- directASMS_URL_Testing -->
  <testcase name="directASMS_URL_Testing" time="0.0" classname="com.asms.testcases.DirectURLTesting">
    <skipped/>
  </testcase> <!-- directASMS_URL_Testing -->
  <testcase name="directASMS_URL_Testing" time="0.0" classname="com.asms.testcases.DirectURLTesting">
    <skipped/>
  </testcase> <!-- directASMS_URL_Testing -->
  <testcase name="directASMS_URL_Testing" time="0.0" classname="com.asms.testcases.DirectURLTesting">
    <skipped/>
  </testcase> <!-- directASMS_URL_Testing -->
  <testcase name="directASMS_URL_Testing" time="0.0" classname="com.asms.testcases.DirectURLTesting">
    <skipped/>
  </testcase> <!-- directASMS_URL_Testing -->
  <testcase name="directASMS_URL_Testing" time="0.0" classname="com.asms.testcases.DirectURLTesting">
    <skipped/>
  </testcase> <!-- directASMS_URL_Testing -->
  <testcase name="directASMS_URL_Testing" time="0.0" classname="com.asms.testcases.DirectURLTesting">
    <skipped/>
  </testcase> <!-- directASMS_URL_Testing -->
  <testcase name="directASMS_URL_Testing" time="0.0" classname="com.asms.testcases.DirectURLTesting">
    <skipped/>
  </testcase> <!-- directASMS_URL_Testing -->
  <testcase name="directASMS_URL_Testing" time="0.0" classname="com.asms.testcases.DirectURLTesting">
    <skipped/>
  </testcase> <!-- directASMS_URL_Testing -->
  <testcase name="directASMS_URL_Testing" time="0.0" classname="com.asms.testcases.DirectURLTesting">
    <skipped/>
  </testcase> <!-- directASMS_URL_Testing -->
  <testcase name="directASMS_URL_Testing" time="0.0" classname="com.asms.testcases.DirectURLTesting">
    <skipped/>
  </testcase> <!-- directASMS_URL_Testing -->
  <testcase name="directASMS_URL_Testing" time="0.0" classname="com.asms.testcases.DirectURLTesting">
    <skipped/>
  </testcase> <!-- directASMS_URL_Testing -->
  <testcase name="directASMS_URL_Testing" time="0.0" classname="com.asms.testcases.DirectURLTesting">
    <skipped/>
  </testcase> <!-- directASMS_URL_Testing -->
  <testcase name="directASMS_URL_Testing" time="0.0" classname="com.asms.testcases.DirectURLTesting">
    <skipped/>
  </testcase> <!-- directASMS_URL_Testing -->
  <testcase name="directASMS_URL_Testing" time="0.0" classname="com.asms.testcases.DirectURLTesting">
    <skipped/>
  </testcase> <!-- directASMS_URL_Testing -->
  <testcase name="directASMS_URL_Testing" time="0.0" classname="com.asms.testcases.DirectURLTesting">
    <skipped/>
  </testcase> <!-- directASMS_URL_Testing -->
  <testcase name="directASMS_URL_Testing" time="0.0" classname="com.asms.testcases.DirectURLTesting">
    <skipped/>
  </testcase> <!-- directASMS_URL_Testing -->
  <testcase name="directASMS_URL_Testing" time="0.0" classname="com.asms.testcases.DirectURLTesting">
    <skipped/>
  </testcase> <!-- directASMS_URL_Testing -->
  <testcase name="directASMS_URL_Testing" time="0.0" classname="com.asms.testcases.DirectURLTesting">
    <skipped/>
  </testcase> <!-- directASMS_URL_Testing -->
  <testcase name="directASMS_URL_Testing" time="0.0" classname="com.asms.testcases.DirectURLTesting">
    <skipped/>
  </testcase> <!-- directASMS_URL_Testing -->
  <testcase name="directASMS_URL_Testing" time="0.0" classname="com.asms.testcases.DirectURLTesting">
    <skipped/>
  </testcase> <!-- directASMS_URL_Testing -->
  <testcase name="directASMS_URL_Testing" time="0.0" classname="com.asms.testcases.DirectURLTesting">
    <skipped/>
  </testcase> <!-- directASMS_URL_Testing -->
  <testcase name="directASMS_URL_Testing" time="0.0" classname="com.asms.testcases.DirectURLTesting">
    <skipped/>
  </testcase> <!-- directASMS_URL_Testing -->
  <testcase name="directASMS_URL_Testing" time="0.0" classname="com.asms.testcases.DirectURLTesting">
    <skipped/>
  </testcase> <!-- directASMS_URL_Testing -->
  <testcase name="directASMS_URL_Testing" time="0.0" classname="com.asms.testcases.DirectURLTesting">
    <skipped/>
  </testcase> <!-- directASMS_URL_Testing -->
  <testcase name="directASMS_URL_Testing" time="0.0" classname="com.asms.testcases.DirectURLTesting">
    <skipped/>
  </testcase> <!-- directASMS_URL_Testing -->
  <testcase name="directASMS_URL_Testing" time="0.0" classname="com.asms.testcases.DirectURLTesting">
    <skipped/>
  </testcase> <!-- directASMS_URL_Testing -->
  <testcase name="directASMS_URL_Testing" time="0.0" classname="com.asms.testcases.DirectURLTesting">
    <skipped/>
  </testcase> <!-- directASMS_URL_Testing -->
  <testcase name="directASMS_URL_Testing" time="0.0" classname="com.asms.testcases.DirectURLTesting">
    <skipped/>
  </testcase> <!-- directASMS_URL_Testing -->
  <testcase name="directASMS_URL_Testing" time="0.0" classname="com.asms.testcases.DirectURLTesting">
    <skipped/>
  </testcase> <!-- directASMS_URL_Testing -->
  <testcase name="directASMS_URL_Testing" time="0.0" classname="com.asms.testcases.DirectURLTesting">
    <skipped/>
  </testcase> <!-- directASMS_URL_Testing -->
  <testcase name="directASMS_URL_Testing" time="0.0" classname="com.asms.testcases.DirectURLTesting">
    <skipped/>
  </testcase> <!-- directASMS_URL_Testing -->
  <testcase name="directASMS_URL_Testing" time="0.0" classname="com.asms.testcases.DirectURLTesting">
    <skipped/>
  </testcase> <!-- directASMS_URL_Testing -->
  <testcase name="directASMS_URL_Testing" time="0.0" classname="com.asms.testcases.DirectURLTesting">
    <skipped/>
  </testcase> <!-- directASMS_URL_Testing -->
  <testcase name="directASMS_URL_Testing" time="0.0" classname="com.asms.testcases.DirectURLTesting">
    <skipped/>
  </testcase> <!-- directASMS_URL_Testing -->
  <testcase name="directASMS_URL_Testing" time="0.0" classname="com.asms.testcases.DirectURLTesting">
    <skipped/>
  </testcase> <!-- directASMS_URL_Testing -->
  <testcase name="directASMS_URL_Testing" time="0.0" classname="com.asms.testcases.DirectURLTesting">
    <skipped/>
  </testcase> <!-- directASMS_URL_Testing -->
  <testcase name="directASMS_URL_Testing" time="0.0" classname="com.asms.testcases.DirectURLTesting">
    <skipped/>
  </testcase> <!-- directASMS_URL_Testing -->
  <testcase name="directASMS_URL_Testing" time="0.0" classname="com.asms.testcases.DirectURLTesting">
    <skipped/>
  </testcase> <!-- directASMS_URL_Testing -->
  <testcase name="directASMS_URL_Testing" time="0.0" classname="com.asms.testcases.DirectURLTesting">
    <skipped/>
  </testcase> <!-- directASMS_URL_Testing -->
  <testcase name="directASMS_URL_Testing" time="0.0" classname="com.asms.testcases.DirectURLTesting">
    <skipped/>
  </testcase> <!-- directASMS_URL_Testing -->
  <testcase name="directASMS_URL_Testing" time="0.0" classname="com.asms.testcases.DirectURLTesting">
    <skipped/>
  </testcase> <!-- directASMS_URL_Testing -->
  <testcase name="directASMS_URL_Testing" time="0.0" classname="com.asms.testcases.DirectURLTesting">
    <skipped/>
  </testcase> <!-- directASMS_URL_Testing -->
  <testcase name="directASMS_URL_Testing" time="0.0" classname="com.asms.testcases.DirectURLTesting">
    <skipped/>
  </testcase> <!-- directASMS_URL_Testing -->
  <testcase name="directASMS_URL_Testing" time="0.0" classname="com.asms.testcases.DirectURLTesting">
    <skipped/>
  </testcase> <!-- directASMS_URL_Testing -->
  <testcase name="directASMS_URL_Testing" time="0.0" classname="com.asms.testcases.DirectURLTesting">
    <skipped/>
  </testcase> <!-- directASMS_URL_Testing -->
  <testcase name="directASMS_URL_Testing" time="0.0" classname="com.asms.testcases.DirectURLTesting">
    <skipped/>
  </testcase> <!-- directASMS_URL_Testing -->
  <testcase name="directASMS_URL_Testing" time="0.0" classname="com.asms.testcases.DirectURLTesting">
    <skipped/>
  </testcase> <!-- directASMS_URL_Testing -->
  <testcase name="directASMS_URL_Testing" time="0.0" classname="com.asms.testcases.DirectURLTesting">
    <skipped/>
  </testcase> <!-- directASMS_URL_Testing -->
  <testcase name="directASMS_URL_Testing" time="0.0" classname="com.asms.testcases.DirectURLTesting">
    <skipped/>
  </testcase> <!-- directASMS_URL_Testing -->
  <testcase name="directASMS_URL_Testing" time="0.0" classname="com.asms.testcases.DirectURLTesting">
    <skipped/>
  </testcase> <!-- directASMS_URL_Testing -->
  <testcase name="directASMS_URL_Testing" time="0.0" classname="com.asms.testcases.DirectURLTesting">
    <skipped/>
  </testcase> <!-- directASMS_URL_Testing -->
  <testcase name="directASMS_URL_Testing" time="0.0" classname="com.asms.testcases.DirectURLTesting">
    <skipped/>
  </testcase> <!-- directASMS_URL_Testing -->
  <testcase name="directASMS_URL_Testing" time="0.0" classname="com.asms.testcases.DirectURLTesting">
    <skipped/>
  </testcase> <!-- directASMS_URL_Testing -->
  <testcase name="directASMS_URL_Testing" time="0.0" classname="com.asms.testcases.DirectURLTesting">
    <skipped/>
  </testcase> <!-- directASMS_URL_Testing -->
  <testcase name="directASMS_URL_Testing" time="0.0" classname="com.asms.testcases.DirectURLTesting">
    <skipped/>
  </testcase> <!-- directASMS_URL_Testing -->
  <testcase name="directASMS_URL_Testing" time="0.0" classname="com.asms.testcases.DirectURLTesting">
    <skipped/>
  </testcase> <!-- directASMS_URL_Testing -->
  <testcase name="directASMS_URL_Testing" time="0.0" classname="com.asms.testcases.DirectURLTesting">
    <skipped/>
  </testcase> <!-- directASMS_URL_Testing -->
  <testcase name="directASMS_URL_Testing" time="0.0" classname="com.asms.testcases.DirectURLTesting">
    <skipped/>
  </testcase> <!-- directASMS_URL_Testing -->
  <testcase name="directASMS_URL_Testing" time="0.0" classname="com.asms.testcases.DirectURLTesting">
    <skipped/>
  </testcase> <!-- directASMS_URL_Testing -->
  <testcase name="directASMS_URL_Testing" time="0.0" classname="com.asms.testcases.DirectURLTesting">
    <skipped/>
  </testcase> <!-- directASMS_URL_Testing -->
  <testcase name="directASMS_URL_Testing" time="0.0" classname="com.asms.testcases.DirectURLTesting">
    <skipped/>
  </testcase> <!-- directASMS_URL_Testing -->
  <testcase name="directASMS_URL_Testing" time="0.0" classname="com.asms.testcases.DirectURLTesting">
    <skipped/>
  </testcase> <!-- directASMS_URL_Testing -->
  <testcase name="directASMS_URL_Testing" time="0.0" classname="com.asms.testcases.DirectURLTesting">
    <skipped/>
  </testcase> <!-- directASMS_URL_Testing -->
  <testcase name="directASMS_URL_Testing" time="0.0" classname="com.asms.testcases.DirectURLTesting">
    <skipped/>
  </testcase> <!-- directASMS_URL_Testing -->
  <testcase name="directASMS_URL_Testing" time="0.0" classname="com.asms.testcases.DirectURLTesting">
    <skipped/>
  </testcase> <!-- directASMS_URL_Testing -->
  <testcase name="directASMS_URL_Testing" time="0.0" classname="com.asms.testcases.DirectURLTesting">
    <skipped/>
  </testcase> <!-- directASMS_URL_Testing -->
  <testcase name="directASMS_URL_Testing" time="0.0" classname="com.asms.testcases.DirectURLTesting">
    <skipped/>
  </testcase> <!-- directASMS_URL_Testing -->
  <testcase name="directASMS_URL_Testing" time="0.0" classname="com.asms.testcases.DirectURLTesting">
    <skipped/>
  </testcase> <!-- directASMS_URL_Testing -->
  <testcase name="directASMS_URL_Testing" time="0.0" classname="com.asms.testcases.DirectURLTesting">
    <skipped/>
  </testcase> <!-- directASMS_URL_Testing -->
  <testcase name="directASMS_URL_Testing" time="0.0" classname="com.asms.testcases.DirectURLTesting">
    <skipped/>
  </testcase> <!-- directASMS_URL_Testing -->
  <testcase name="directASMS_URL_Testing" time="0.0" classname="com.asms.testcases.DirectURLTesting">
    <skipped/>
  </testcase> <!-- directASMS_URL_Testing -->
  <testcase name="directASMS_URL_Testing" time="0.0" classname="com.asms.testcases.DirectURLTesting">
    <skipped/>
  </testcase> <!-- directASMS_URL_Testing -->
  <testcase name="directASMS_URL_Testing" time="0.0" classname="com.asms.testcases.DirectURLTesting">
    <skipped/>
  </testcase> <!-- directASMS_URL_Testing -->
  <testcase name="directASMS_URL_Testing" time="0.0" classname="com.asms.testcases.DirectURLTesting">
    <skipped/>
  </testcase> <!-- directASMS_URL_Testing -->
  <testcase name="directASMS_URL_Testing" time="0.0" classname="com.asms.testcases.DirectURLTesting">
    <skipped/>
  </testcase> <!-- directASMS_URL_Testing -->
  <testcase name="directASMS_URL_Testing" time="0.0" classname="com.asms.testcases.DirectURLTesting">
    <skipped/>
  </testcase> <!-- directASMS_URL_Testing -->
  <testcase name="directASMS_URL_Testing" time="0.0" classname="com.asms.testcases.DirectURLTesting">
    <skipped/>
  </testcase> <!-- directASMS_URL_Testing -->
  <testcase name="directASMS_URL_Testing" time="0.0" classname="com.asms.testcases.DirectURLTesting">
    <skipped/>
  </testcase> <!-- directASMS_URL_Testing -->
  <testcase name="directASMS_URL_Testing" time="0.0" classname="com.asms.testcases.DirectURLTesting">
    <skipped/>
  </testcase> <!-- directASMS_URL_Testing -->
  <testcase name="directASMS_URL_Testing" time="0.0" classname="com.asms.testcases.DirectURLTesting">
    <skipped/>
  </testcase> <!-- directASMS_URL_Testing -->
  <testcase name="directASMS_URL_Testing" time="0.0" classname="com.asms.testcases.DirectURLTesting">
    <skipped/>
  </testcase> <!-- directASMS_URL_Testing -->
  <testcase name="directASMS_URL_Testing" time="0.0" classname="com.asms.testcases.DirectURLTesting">
    <skipped/>
  </testcase> <!-- directASMS_URL_Testing -->
  <testcase name="directASMS_URL_Testing" time="0.0" classname="com.asms.testcases.DirectURLTesting">
    <skipped/>
  </testcase> <!-- directASMS_URL_Testing -->
  <testcase name="directASMS_URL_Testing" time="0.0" classname="com.asms.testcases.DirectURLTesting">
    <skipped/>
  </testcase> <!-- directASMS_URL_Testing -->
  <testcase name="directASMS_URL_Testing" time="0.0" classname="com.asms.testcases.DirectURLTesting">
    <skipped/>
  </testcase> <!-- directASMS_URL_Testing -->
  <testcase name="directASMS_URL_Testing" time="0.0" classname="com.asms.testcases.DirectURLTesting">
    <skipped/>
  </testcase> <!-- directASMS_URL_Testing -->
  <testcase name="directASMS_URL_Testing" time="0.0" classname="com.asms.testcases.DirectURLTesting">
    <skipped/>
  </testcase> <!-- directASMS_URL_Testing -->
  <testcase name="directASMS_URL_Testing" time="0.0" classname="com.asms.testcases.DirectURLTesting">
    <skipped/>
  </testcase> <!-- directASMS_URL_Testing -->
  <testcase name="directASMS_URL_Testing" time="0.0" classname="com.asms.testcases.DirectURLTesting">
    <skipped/>
  </testcase> <!-- directASMS_URL_Testing -->
  <testcase name="directASMS_URL_Testing" time="0.0" classname="com.asms.testcases.DirectURLTesting">
    <skipped/>
  </testcase> <!-- directASMS_URL_Testing -->
  <testcase name="directASMS_URL_Testing" time="0.0" classname="com.asms.testcases.DirectURLTesting">
    <skipped/>
  </testcase> <!-- directASMS_URL_Testing -->
  <testcase name="directASMS_URL_Testing" time="0.0" classname="com.asms.testcases.DirectURLTesting">
    <skipped/>
  </testcase> <!-- directASMS_URL_Testing -->
  <testcase name="directASMS_URL_Testing" time="0.0" classname="com.asms.testcases.DirectURLTesting">
    <skipped/>
  </testcase> <!-- directASMS_URL_Testing -->
  <testcase name="directASMS_URL_Testing" time="0.0" classname="com.asms.testcases.DirectURLTesting">
    <skipped/>
  </testcase> <!-- directASMS_URL_Testing -->
  <testcase name="directASMS_URL_Testing" time="0.0" classname="com.asms.testcases.DirectURLTesting">
    <skipped/>
  </testcase> <!-- directASMS_URL_Testing -->
  <testcase name="directASMS_URL_Testing" time="0.0" classname="com.asms.testcases.DirectURLTesting">
    <skipped/>
  </testcase> <!-- directASMS_URL_Testing -->
  <testcase name="directASMS_URL_Testing" time="0.0" classname="com.asms.testcases.DirectURLTesting">
    <skipped/>
  </testcase> <!-- directASMS_URL_Testing -->
  <testcase name="directASMS_URL_Testing" time="0.0" classname="com.asms.testcases.DirectURLTesting">
    <skipped/>
  </testcase> <!-- directASMS_URL_Testing -->
  <testcase name="@BeforeSuite setupSuite" time="0.0" classname="com.asms.pages.BaseClass">
    <ignored/>
  </testcase> <!-- @BeforeSuite setupSuite -->
</testsuite> <!-- Test -->
