<?xml version="1.0" encoding="UTF-8"?>
<!-- Generated by org.testng.reporters.JUnitXMLReporter -->
<testsuite hostname="Ashok" ignored="0" name="Test" tests="223" failures="11" timestamp="18 Sep 2019 10:13:15 GMT" time="923.212" errors="0">
  <testcase name="@AfterMethod tearDownMethod" time="30.048" classname="com.asms.pages.BaseClass">
    <failure type="org.openqa.selenium.TimeoutException" message="timeout
  (Session info: chrome=76.0.3809.132)
Build info: version: &amp;apos;3.141.59&amp;apos;, revision: &amp;apos;e82be7d358&amp;apos;, time: &amp;apos;2018-11-14T08:17:03&amp;apos;
System info: host: &amp;apos;ASHOK&amp;apos;, ip: &amp;apos;192.168.235.182&amp;apos;, os.name: &amp;apos;Windows 10&amp;apos;, os.arch: &amp;apos;amd64&amp;apos;, os.version: &amp;apos;10.0&amp;apos;, java.version: &amp;apos;1.8.0_191&amp;apos;
Driver info: org.openqa.selenium.chrome.ChromeDriver
Capabilities {acceptInsecureCerts: false, browserName: chrome, browserVersion: 76.0.3809.132, chrome: {chromedriverVersion: 76.0.3809.126 (d80a294506b4..., userDataDir: C:\Users\ashokp\AppData\Loc...}, goog:chromeOptions: {debuggerAddress: localhost:49392}, javascriptEnabled: true, networkConnectionEnabled: false, pageLoadStrategy: normal, platform: XP, platformName: XP, proxy: Proxy(), setWindowRect: true, strictFileInteractability: false, timeouts: {implicit: 0, pageLoad: 300000, script: 30000}, unhandledPromptBehavior: dismiss and notify}
Session ID: 79252299b458413ef98a02876e24bc95">
      <![CDATA[org.openqa.selenium.TimeoutException: timeout
  (Session info: chrome=76.0.3809.132)
Build info: version: '3.141.59', revision: 'e82be7d358', time: '2018-11-14T08:17:03'
System info: host: 'ASHOK', ip: '192.168.235.182', os.name: 'Windows 10', os.arch: 'amd64', os.version: '10.0', java.version: '1.8.0_191'
Driver info: org.openqa.selenium.chrome.ChromeDriver
Capabilities {acceptInsecureCerts: false, browserName: chrome, browserVersion: 76.0.3809.132, chrome: {chromedriverVersion: 76.0.3809.126 (d80a294506b4..., userDataDir: C:\Users\ashokp\AppData\Loc...}, goog:chromeOptions: {debuggerAddress: localhost:49392}, javascriptEnabled: true, networkConnectionEnabled: false, pageLoadStrategy: normal, platform: XP, platformName: XP, proxy: Proxy(), setWindowRect: true, strictFileInteractability: false, timeouts: {implicit: 0, pageLoad: 300000, script: 30000}, unhandledPromptBehavior: dismiss and notify}
Session ID: 79252299b458413ef98a02876e24bc95
at org.openqa.selenium.remote.http.W3CHttpResponseCodec.createException(W3CHttpResponseCodec.java:187)
at org.openqa.selenium.remote.http.W3CHttpResponseCodec.decode(W3CHttpResponseCodec.java:122)
at org.openqa.selenium.remote.http.W3CHttpResponseCodec.decode(W3CHttpResponseCodec.java:49)
at org.openqa.selenium.remote.HttpCommandExecutor.execute(HttpCommandExecutor.java:158)
at org.openqa.selenium.remote.service.DriverCommandExecutor.execute(DriverCommandExecutor.java:83)
at org.openqa.selenium.remote.RemoteWebDriver.execute(RemoteWebDriver.java:552)
at org.openqa.selenium.remote.RemoteWebDriver.execute(RemoteWebDriver.java:609)
at org.openqa.selenium.remote.RemoteWebDriver.getScreenshotAs(RemoteWebDriver.java:295)
at com.asms.utility.Helper.captureScreenshot(Helper.java:25)
at com.asms.pages.BaseClass.tearDownMethod(BaseClass.java:55)
... Removed 31 stack frames]]>
    </failure>
  </testcase> <!-- @AfterMethod tearDownMethod -->
  <testcase name="@AfterMethod tearDownMethod" time="0.0" classname="com.asms.pages.BaseClass">
    <skipped/>
  </testcase> <!-- @AfterMethod tearDownMethod -->
  <testcase name="@AfterMethod tearDownMethod" time="0.0" classname="com.asms.pages.BaseClass">
    <skipped/>
  </testcase> <!-- @AfterMethod tearDownMethod -->
  <testcase name="@AfterMethod tearDownMethod" time="0.0" classname="com.asms.pages.BaseClass">
    <skipped/>
  </testcase> <!-- @AfterMethod tearDownMethod -->
  <testcase name="@AfterMethod tearDownMethod" time="0.0" classname="com.asms.pages.BaseClass">
    <skipped/>
  </testcase> <!-- @AfterMethod tearDownMethod -->
  <testcase name="@AfterMethod tearDownMethod" time="0.0" classname="com.asms.pages.BaseClass">
    <skipped/>
  </testcase> <!-- @AfterMethod tearDownMethod -->
  <testcase name="@AfterMethod tearDownMethod" time="0.0" classname="com.asms.pages.BaseClass">
    <skipped/>
  </testcase> <!-- @AfterMethod tearDownMethod -->
  <testcase name="@AfterMethod tearDownMethod" time="0.0" classname="com.asms.pages.BaseClass">
    <skipped/>
  </testcase> <!-- @AfterMethod tearDownMethod -->
  <testcase name="@AfterMethod tearDownMethod" time="0.0" classname="com.asms.pages.BaseClass">
    <skipped/>
  </testcase> <!-- @AfterMethod tearDownMethod -->
  <testcase name="@AfterMethod tearDownMethod" time="0.0" classname="com.asms.pages.BaseClass">
    <skipped/>
  </testcase> <!-- @AfterMethod tearDownMethod -->
  <testcase name="@AfterMethod tearDownMethod" time="0.0" classname="com.asms.pages.BaseClass">
    <skipped/>
  </testcase> <!-- @AfterMethod tearDownMethod -->
  <testcase name="@AfterMethod tearDownMethod" time="0.0" classname="com.asms.pages.BaseClass">
    <skipped/>
  </testcase> <!-- @AfterMethod tearDownMethod -->
  <testcase name="@AfterMethod tearDownMethod" time="0.0" classname="com.asms.pages.BaseClass">
    <skipped/>
  </testcase> <!-- @AfterMethod tearDownMethod -->
  <testcase name="@AfterMethod tearDownMethod" time="0.0" classname="com.asms.pages.BaseClass">
    <skipped/>
  </testcase> <!-- @AfterMethod tearDownMethod -->
  <testcase name="@AfterMethod tearDownMethod" time="0.0" classname="com.asms.pages.BaseClass">
    <skipped/>
  </testcase> <!-- @AfterMethod tearDownMethod -->
  <testcase name="@AfterMethod tearDownMethod" time="0.0" classname="com.asms.pages.BaseClass">
    <skipped/>
  </testcase> <!-- @AfterMethod tearDownMethod -->
  <testcase name="@AfterMethod tearDownMethod" time="0.0" classname="com.asms.pages.BaseClass">
    <skipped/>
  </testcase> <!-- @AfterMethod tearDownMethod -->
  <testcase name="@AfterMethod tearDownMethod" time="0.0" classname="com.asms.pages.BaseClass">
    <skipped/>
  </testcase> <!-- @AfterMethod tearDownMethod -->
  <testcase name="@AfterMethod tearDownMethod" time="0.0" classname="com.asms.pages.BaseClass">
    <skipped/>
  </testcase> <!-- @AfterMethod tearDownMethod -->
  <testcase name="@AfterMethod tearDownMethod" time="0.0" classname="com.asms.pages.BaseClass">
    <skipped/>
  </testcase> <!-- @AfterMethod tearDownMethod -->
  <testcase name="@AfterMethod tearDownMethod" time="0.0" classname="com.asms.pages.BaseClass">
    <skipped/>
  </testcase> <!-- @AfterMethod tearDownMethod -->
  <testcase name="@AfterMethod tearDownMethod" time="0.0" classname="com.asms.pages.BaseClass">
    <skipped/>
  </testcase> <!-- @AfterMethod tearDownMethod -->
  <testcase name="@AfterMethod tearDownMethod" time="0.0" classname="com.asms.pages.BaseClass">
    <skipped/>
  </testcase> <!-- @AfterMethod tearDownMethod -->
  <testcase name="@AfterMethod tearDownMethod" time="0.0" classname="com.asms.pages.BaseClass">
    <skipped/>
  </testcase> <!-- @AfterMethod tearDownMethod -->
  <testcase name="@AfterMethod tearDownMethod" time="0.0" classname="com.asms.pages.BaseClass">
    <skipped/>
  </testcase> <!-- @AfterMethod tearDownMethod -->
  <testcase name="@AfterMethod tearDownMethod" time="0.0" classname="com.asms.pages.BaseClass">
    <skipped/>
  </testcase> <!-- @AfterMethod tearDownMethod -->
  <testcase name="@AfterMethod tearDownMethod" time="0.0" classname="com.asms.pages.BaseClass">
    <skipped/>
  </testcase> <!-- @AfterMethod tearDownMethod -->
  <testcase name="@AfterMethod tearDownMethod" time="0.0" classname="com.asms.pages.BaseClass">
    <skipped/>
  </testcase> <!-- @AfterMethod tearDownMethod -->
  <testcase name="@AfterMethod tearDownMethod" time="0.0" classname="com.asms.pages.BaseClass">
    <skipped/>
  </testcase> <!-- @AfterMethod tearDownMethod -->
  <testcase name="@AfterMethod tearDownMethod" time="0.0" classname="com.asms.pages.BaseClass">
    <skipped/>
  </testcase> <!-- @AfterMethod tearDownMethod -->
  <testcase name="@AfterMethod tearDownMethod" time="0.0" classname="com.asms.pages.BaseClass">
    <skipped/>
  </testcase> <!-- @AfterMethod tearDownMethod -->
  <testcase name="@AfterMethod tearDownMethod" time="0.0" classname="com.asms.pages.BaseClass">
    <skipped/>
  </testcase> <!-- @AfterMethod tearDownMethod -->
  <testcase name="@AfterMethod tearDownMethod" time="0.0" classname="com.asms.pages.BaseClass">
    <skipped/>
  </testcase> <!-- @AfterMethod tearDownMethod -->
  <testcase name="@AfterMethod tearDownMethod" time="0.0" classname="com.asms.pages.BaseClass">
    <skipped/>
  </testcase> <!-- @AfterMethod tearDownMethod -->
  <testcase name="@AfterMethod tearDownMethod" time="0.0" classname="com.asms.pages.BaseClass">
    <skipped/>
  </testcase> <!-- @AfterMethod tearDownMethod -->
  <testcase name="@AfterMethod tearDownMethod" time="0.0" classname="com.asms.pages.BaseClass">
    <skipped/>
  </testcase> <!-- @AfterMethod tearDownMethod -->
  <testcase name="@AfterMethod tearDownMethod" time="0.0" classname="com.asms.pages.BaseClass">
    <skipped/>
  </testcase> <!-- @AfterMethod tearDownMethod -->
  <testcase name="@AfterMethod tearDownMethod" time="0.0" classname="com.asms.pages.BaseClass">
    <skipped/>
  </testcase> <!-- @AfterMethod tearDownMethod -->
  <testcase name="@AfterMethod tearDownMethod" time="0.0" classname="com.asms.pages.BaseClass">
    <skipped/>
  </testcase> <!-- @AfterMethod tearDownMethod -->
  <testcase name="@AfterMethod tearDownMethod" time="0.0" classname="com.asms.pages.BaseClass">
    <skipped/>
  </testcase> <!-- @AfterMethod tearDownMethod -->
  <testcase name="@AfterMethod tearDownMethod" time="0.0" classname="com.asms.pages.BaseClass">
    <skipped/>
  </testcase> <!-- @AfterMethod tearDownMethod -->
  <testcase name="@AfterMethod tearDownMethod" time="0.0" classname="com.asms.pages.BaseClass">
    <skipped/>
  </testcase> <!-- @AfterMethod tearDownMethod -->
  <testcase name="@AfterMethod tearDownMethod" time="0.0" classname="com.asms.pages.BaseClass">
    <skipped/>
  </testcase> <!-- @AfterMethod tearDownMethod -->
  <testcase name="@AfterMethod tearDownMethod" time="0.0" classname="com.asms.pages.BaseClass">
    <skipped/>
  </testcase> <!-- @AfterMethod tearDownMethod -->
  <testcase name="@AfterMethod tearDownMethod" time="0.0" classname="com.asms.pages.BaseClass">
    <skipped/>
  </testcase> <!-- @AfterMethod tearDownMethod -->
  <testcase name="@AfterMethod tearDownMethod" time="0.0" classname="com.asms.pages.BaseClass">
    <skipped/>
  </testcase> <!-- @AfterMethod tearDownMethod -->
  <testcase name="@AfterMethod tearDownMethod" time="0.0" classname="com.asms.pages.BaseClass">
    <skipped/>
  </testcase> <!-- @AfterMethod tearDownMethod -->
  <testcase name="@AfterMethod tearDownMethod" time="0.0" classname="com.asms.pages.BaseClass">
    <skipped/>
  </testcase> <!-- @AfterMethod tearDownMethod -->
  <testcase name="@AfterMethod tearDownMethod" time="0.0" classname="com.asms.pages.BaseClass">
    <skipped/>
  </testcase> <!-- @AfterMethod tearDownMethod -->
  <testcase name="@AfterMethod tearDownMethod" time="0.0" classname="com.asms.pages.BaseClass">
    <skipped/>
  </testcase> <!-- @AfterMethod tearDownMethod -->
  <testcase name="@AfterMethod tearDownMethod" time="0.0" classname="com.asms.pages.BaseClass">
    <skipped/>
  </testcase> <!-- @AfterMethod tearDownMethod -->
  <testcase name="@AfterMethod tearDownMethod" time="0.0" classname="com.asms.pages.BaseClass">
    <skipped/>
  </testcase> <!-- @AfterMethod tearDownMethod -->
  <testcase name="@AfterMethod tearDownMethod" time="0.0" classname="com.asms.pages.BaseClass">
    <skipped/>
  </testcase> <!-- @AfterMethod tearDownMethod -->
  <testcase name="@AfterMethod tearDownMethod" time="0.0" classname="com.asms.pages.BaseClass">
    <skipped/>
  </testcase> <!-- @AfterMethod tearDownMethod -->
  <testcase name="@AfterMethod tearDownMethod" time="0.0" classname="com.asms.pages.BaseClass">
    <skipped/>
  </testcase> <!-- @AfterMethod tearDownMethod -->
  <testcase name="@AfterMethod tearDownMethod" time="0.0" classname="com.asms.pages.BaseClass">
    <skipped/>
  </testcase> <!-- @AfterMethod tearDownMethod -->
  <testcase name="@AfterMethod tearDownMethod" time="0.0" classname="com.asms.pages.BaseClass">
    <skipped/>
  </testcase> <!-- @AfterMethod tearDownMethod -->
  <testcase name="@AfterMethod tearDownMethod" time="0.0" classname="com.asms.pages.BaseClass">
    <skipped/>
  </testcase> <!-- @AfterMethod tearDownMethod -->
  <testcase name="@AfterMethod tearDownMethod" time="0.0" classname="com.asms.pages.BaseClass">
    <skipped/>
  </testcase> <!-- @AfterMethod tearDownMethod -->
  <testcase name="@AfterMethod tearDownMethod" time="0.0" classname="com.asms.pages.BaseClass">
    <skipped/>
  </testcase> <!-- @AfterMethod tearDownMethod -->
  <testcase name="@AfterMethod tearDownMethod" time="0.0" classname="com.asms.pages.BaseClass">
    <skipped/>
  </testcase> <!-- @AfterMethod tearDownMethod -->
  <testcase name="@AfterMethod tearDownMethod" time="0.0" classname="com.asms.pages.BaseClass">
    <skipped/>
  </testcase> <!-- @AfterMethod tearDownMethod -->
  <testcase name="@AfterMethod tearDownMethod" time="0.0" classname="com.asms.pages.BaseClass">
    <skipped/>
  </testcase> <!-- @AfterMethod tearDownMethod -->
  <testcase name="@AfterMethod tearDownMethod" time="0.0" classname="com.asms.pages.BaseClass">
    <skipped/>
  </testcase> <!-- @AfterMethod tearDownMethod -->
  <testcase name="@AfterMethod tearDownMethod" time="0.0" classname="com.asms.pages.BaseClass">
    <skipped/>
  </testcase> <!-- @AfterMethod tearDownMethod -->
  <testcase name="@AfterMethod tearDownMethod" time="0.0" classname="com.asms.pages.BaseClass">
    <skipped/>
  </testcase> <!-- @AfterMethod tearDownMethod -->
  <testcase name="@AfterMethod tearDownMethod" time="0.0" classname="com.asms.pages.BaseClass">
    <skipped/>
  </testcase> <!-- @AfterMethod tearDownMethod -->
  <testcase name="@AfterMethod tearDownMethod" time="0.0" classname="com.asms.pages.BaseClass">
    <skipped/>
  </testcase> <!-- @AfterMethod tearDownMethod -->
  <testcase name="@AfterMethod tearDownMethod" time="0.0" classname="com.asms.pages.BaseClass">
    <skipped/>
  </testcase> <!-- @AfterMethod tearDownMethod -->
  <testcase name="@AfterMethod tearDownMethod" time="0.0" classname="com.asms.pages.BaseClass">
    <skipped/>
  </testcase> <!-- @AfterMethod tearDownMethod -->
  <testcase name="@AfterMethod tearDownMethod" time="0.0" classname="com.asms.pages.BaseClass">
    <skipped/>
  </testcase> <!-- @AfterMethod tearDownMethod -->
  <testcase name="@AfterMethod tearDownMethod" time="0.0" classname="com.asms.pages.BaseClass">
    <skipped/>
  </testcase> <!-- @AfterMethod tearDownMethod -->
  <testcase name="@AfterMethod tearDownMethod" time="0.0" classname="com.asms.pages.BaseClass">
    <skipped/>
  </testcase> <!-- @AfterMethod tearDownMethod -->
  <testcase name="@AfterMethod tearDownMethod" time="0.0" classname="com.asms.pages.BaseClass">
    <skipped/>
  </testcase> <!-- @AfterMethod tearDownMethod -->
  <testcase name="@AfterMethod tearDownMethod" time="0.0" classname="com.asms.pages.BaseClass">
    <skipped/>
  </testcase> <!-- @AfterMethod tearDownMethod -->
  <testcase name="@AfterMethod tearDownMethod" time="0.0" classname="com.asms.pages.BaseClass">
    <skipped/>
  </testcase> <!-- @AfterMethod tearDownMethod -->
  <testcase name="@AfterMethod tearDownMethod" time="0.0" classname="com.asms.pages.BaseClass">
    <skipped/>
  </testcase> <!-- @AfterMethod tearDownMethod -->
  <testcase name="@AfterMethod tearDownMethod" time="0.0" classname="com.asms.pages.BaseClass">
    <skipped/>
  </testcase> <!-- @AfterMethod tearDownMethod -->
  <testcase name="@AfterMethod tearDownMethod" time="0.0" classname="com.asms.pages.BaseClass">
    <skipped/>
  </testcase> <!-- @AfterMethod tearDownMethod -->
  <testcase name="@AfterMethod tearDownMethod" time="0.0" classname="com.asms.pages.BaseClass">
    <skipped/>
  </testcase> <!-- @AfterMethod tearDownMethod -->
  <testcase name="@AfterMethod tearDownMethod" time="0.0" classname="com.asms.pages.BaseClass">
    <skipped/>
  </testcase> <!-- @AfterMethod tearDownMethod -->
  <testcase name="@AfterMethod tearDownMethod" time="0.0" classname="com.asms.pages.BaseClass">
    <skipped/>
  </testcase> <!-- @AfterMethod tearDownMethod -->
  <testcase name="@AfterMethod tearDownMethod" time="0.0" classname="com.asms.pages.BaseClass">
    <skipped/>
  </testcase> <!-- @AfterMethod tearDownMethod -->
  <testcase name="@AfterMethod tearDownMethod" time="0.0" classname="com.asms.pages.BaseClass">
    <skipped/>
  </testcase> <!-- @AfterMethod tearDownMethod -->
  <testcase name="@AfterMethod tearDownMethod" time="0.0" classname="com.asms.pages.BaseClass">
    <skipped/>
  </testcase> <!-- @AfterMethod tearDownMethod -->
  <testcase name="@AfterMethod tearDownMethod" time="0.0" classname="com.asms.pages.BaseClass">
    <skipped/>
  </testcase> <!-- @AfterMethod tearDownMethod -->
  <testcase name="@AfterMethod tearDownMethod" time="0.0" classname="com.asms.pages.BaseClass">
    <skipped/>
  </testcase> <!-- @AfterMethod tearDownMethod -->
  <testcase name="@AfterMethod tearDownMethod" time="0.0" classname="com.asms.pages.BaseClass">
    <skipped/>
  </testcase> <!-- @AfterMethod tearDownMethod -->
  <testcase name="@AfterMethod tearDownMethod" time="0.0" classname="com.asms.pages.BaseClass">
    <skipped/>
  </testcase> <!-- @AfterMethod tearDownMethod -->
  <testcase name="@AfterMethod tearDownMethod" time="0.0" classname="com.asms.pages.BaseClass">
    <skipped/>
  </testcase> <!-- @AfterMethod tearDownMethod -->
  <testcase name="@AfterMethod tearDownMethod" time="0.0" classname="com.asms.pages.BaseClass">
    <skipped/>
  </testcase> <!-- @AfterMethod tearDownMethod -->
  <testcase name="@AfterMethod tearDownMethod" time="0.0" classname="com.asms.pages.BaseClass">
    <skipped/>
  </testcase> <!-- @AfterMethod tearDownMethod -->
  <testcase name="@AfterMethod tearDownMethod" time="0.0" classname="com.asms.pages.BaseClass">
    <skipped/>
  </testcase> <!-- @AfterMethod tearDownMethod -->
  <testcase name="@AfterMethod tearDownMethod" time="0.0" classname="com.asms.pages.BaseClass">
    <skipped/>
  </testcase> <!-- @AfterMethod tearDownMethod -->
  <testcase name="@AfterMethod tearDownMethod" time="0.0" classname="com.asms.pages.BaseClass">
    <skipped/>
  </testcase> <!-- @AfterMethod tearDownMethod -->
  <testcase name="@AfterMethod tearDownMethod" time="0.0" classname="com.asms.pages.BaseClass">
    <skipped/>
  </testcase> <!-- @AfterMethod tearDownMethod -->
  <testcase name="@AfterMethod tearDownMethod" time="0.0" classname="com.asms.pages.BaseClass">
    <skipped/>
  </testcase> <!-- @AfterMethod tearDownMethod -->
  <testcase name="@AfterMethod tearDownMethod" time="0.0" classname="com.asms.pages.BaseClass">
    <skipped/>
  </testcase> <!-- @AfterMethod tearDownMethod -->
  <testcase name="@AfterMethod tearDownMethod" time="0.0" classname="com.asms.pages.BaseClass">
    <skipped/>
  </testcase> <!-- @AfterMethod tearDownMethod -->
  <testcase name="@AfterMethod tearDownMethod" time="0.0" classname="com.asms.pages.BaseClass">
    <skipped/>
  </testcase> <!-- @AfterMethod tearDownMethod -->
  <testcase name="@AfterMethod tearDownMethod" time="0.0" classname="com.asms.pages.BaseClass">
    <skipped/>
  </testcase> <!-- @AfterMethod tearDownMethod -->
  <testcase name="@AfterMethod tearDownMethod" time="0.0" classname="com.asms.pages.BaseClass">
    <skipped/>
  </testcase> <!-- @AfterMethod tearDownMethod -->
  <testcase name="@AfterMethod tearDownMethod" time="0.0" classname="com.asms.pages.BaseClass">
    <skipped/>
  </testcase> <!-- @AfterMethod tearDownMethod -->
  <testcase name="@AfterMethod tearDownMethod" time="0.0" classname="com.asms.pages.BaseClass">
    <skipped/>
  </testcase> <!-- @AfterMethod tearDownMethod -->
  <testcase name="@AfterMethod tearDownMethod" time="0.0" classname="com.asms.pages.BaseClass">
    <skipped/>
  </testcase> <!-- @AfterMethod tearDownMethod -->
  <testcase name="@AfterMethod tearDownMethod" time="0.0" classname="com.asms.pages.BaseClass">
    <skipped/>
  </testcase> <!-- @AfterMethod tearDownMethod -->
  <testcase name="@AfterMethod tearDownMethod" time="0.0" classname="com.asms.pages.BaseClass">
    <skipped/>
  </testcase> <!-- @AfterMethod tearDownMethod -->
  <testcase name="@AfterMethod tearDownMethod" time="0.0" classname="com.asms.pages.BaseClass">
    <skipped/>
  </testcase> <!-- @AfterMethod tearDownMethod -->
  <testcase name="@AfterMethod tearDownMethod" time="0.0" classname="com.asms.pages.BaseClass">
    <skipped/>
  </testcase> <!-- @AfterMethod tearDownMethod -->
  <testcase name="@AfterMethod tearDownMethod" time="0.0" classname="com.asms.pages.BaseClass">
    <skipped/>
  </testcase> <!-- @AfterMethod tearDownMethod -->
  <testcase name="@AfterMethod tearDownMethod" time="0.0" classname="com.asms.pages.BaseClass">
    <skipped/>
  </testcase> <!-- @AfterMethod tearDownMethod -->
  <testcase name="@AfterMethod tearDownMethod" time="0.0" classname="com.asms.pages.BaseClass">
    <skipped/>
  </testcase> <!-- @AfterMethod tearDownMethod -->
  <testcase name="@AfterMethod tearDownMethod" time="0.0" classname="com.asms.pages.BaseClass">
    <skipped/>
  </testcase> <!-- @AfterMethod tearDownMethod -->
  <testcase name="@AfterMethod tearDownMethod" time="0.0" classname="com.asms.pages.BaseClass">
    <skipped/>
  </testcase> <!-- @AfterMethod tearDownMethod -->
  <testcase name="@AfterMethod tearDownMethod" time="0.0" classname="com.asms.pages.BaseClass">
    <skipped/>
  </testcase> <!-- @AfterMethod tearDownMethod -->
  <testcase name="@AfterMethod tearDownMethod" time="0.0" classname="com.asms.pages.BaseClass">
    <skipped/>
  </testcase> <!-- @AfterMethod tearDownMethod -->
  <testcase name="@AfterMethod tearDownMethod" time="0.0" classname="com.asms.pages.BaseClass">
    <skipped/>
  </testcase> <!-- @AfterMethod tearDownMethod -->
  <testcase name="@AfterMethod tearDownMethod" time="0.0" classname="com.asms.pages.BaseClass">
    <skipped/>
  </testcase> <!-- @AfterMethod tearDownMethod -->
  <testcase name="@AfterMethod tearDownMethod" time="0.0" classname="com.asms.pages.BaseClass">
    <skipped/>
  </testcase> <!-- @AfterMethod tearDownMethod -->
  <testcase name="@AfterMethod tearDownMethod" time="0.0" classname="com.asms.pages.BaseClass">
    <skipped/>
  </testcase> <!-- @AfterMethod tearDownMethod -->
  <testcase name="@AfterMethod tearDownMethod" time="0.0" classname="com.asms.pages.BaseClass">
    <skipped/>
  </testcase> <!-- @AfterMethod tearDownMethod -->
  <testcase name="@AfterMethod tearDownMethod" time="0.0" classname="com.asms.pages.BaseClass">
    <skipped/>
  </testcase> <!-- @AfterMethod tearDownMethod -->
  <testcase name="@AfterMethod tearDownMethod" time="0.0" classname="com.asms.pages.BaseClass">
    <skipped/>
  </testcase> <!-- @AfterMethod tearDownMethod -->
  <testcase name="@AfterMethod tearDownMethod" time="0.0" classname="com.asms.pages.BaseClass">
    <skipped/>
  </testcase> <!-- @AfterMethod tearDownMethod -->
  <testcase name="@AfterMethod tearDownMethod" time="0.0" classname="com.asms.pages.BaseClass">
    <skipped/>
  </testcase> <!-- @AfterMethod tearDownMethod -->
  <testcase name="@AfterMethod tearDownMethod" time="0.0" classname="com.asms.pages.BaseClass">
    <skipped/>
  </testcase> <!-- @AfterMethod tearDownMethod -->
  <testcase name="@AfterMethod tearDownMethod" time="0.0" classname="com.asms.pages.BaseClass">
    <skipped/>
  </testcase> <!-- @AfterMethod tearDownMethod -->
  <testcase name="@AfterMethod tearDownMethod" time="0.0" classname="com.asms.pages.BaseClass">
    <skipped/>
  </testcase> <!-- @AfterMethod tearDownMethod -->
  <testcase name="@AfterMethod tearDownMethod" time="0.0" classname="com.asms.pages.BaseClass">
    <skipped/>
  </testcase> <!-- @AfterMethod tearDownMethod -->
  <testcase name="@AfterMethod tearDownMethod" time="0.0" classname="com.asms.pages.BaseClass">
    <skipped/>
  </testcase> <!-- @AfterMethod tearDownMethod -->
  <testcase name="@AfterMethod tearDownMethod" time="0.0" classname="com.asms.pages.BaseClass">
    <skipped/>
  </testcase> <!-- @AfterMethod tearDownMethod -->
  <testcase name="@AfterMethod tearDownMethod" time="0.0" classname="com.asms.pages.BaseClass">
    <skipped/>
  </testcase> <!-- @AfterMethod tearDownMethod -->
  <testcase name="@AfterMethod tearDownMethod" time="0.0" classname="com.asms.pages.BaseClass">
    <skipped/>
  </testcase> <!-- @AfterMethod tearDownMethod -->
  <testcase name="@AfterMethod tearDownMethod" time="0.0" classname="com.asms.pages.BaseClass">
    <skipped/>
  </testcase> <!-- @AfterMethod tearDownMethod -->
  <testcase name="@AfterMethod tearDownMethod" time="0.0" classname="com.asms.pages.BaseClass">
    <skipped/>
  </testcase> <!-- @AfterMethod tearDownMethod -->
  <testcase name="@AfterMethod tearDownMethod" time="0.0" classname="com.asms.pages.BaseClass">
    <skipped/>
  </testcase> <!-- @AfterMethod tearDownMethod -->
  <testcase name="@AfterMethod tearDownMethod" time="0.0" classname="com.asms.pages.BaseClass">
    <skipped/>
  </testcase> <!-- @AfterMethod tearDownMethod -->
  <testcase name="@AfterMethod tearDownMethod" time="0.0" classname="com.asms.pages.BaseClass">
    <skipped/>
  </testcase> <!-- @AfterMethod tearDownMethod -->
  <testcase name="@AfterMethod tearDownMethod" time="0.0" classname="com.asms.pages.BaseClass">
    <skipped/>
  </testcase> <!-- @AfterMethod tearDownMethod -->
  <testcase name="@AfterMethod tearDownMethod" time="0.0" classname="com.asms.pages.BaseClass">
    <skipped/>
  </testcase> <!-- @AfterMethod tearDownMethod -->
  <testcase name="@AfterMethod tearDownMethod" time="0.0" classname="com.asms.pages.BaseClass">
    <skipped/>
  </testcase> <!-- @AfterMethod tearDownMethod -->
  <testcase name="@AfterMethod tearDownMethod" time="0.0" classname="com.asms.pages.BaseClass">
    <skipped/>
  </testcase> <!-- @AfterMethod tearDownMethod -->
  <testcase name="@AfterMethod tearDownMethod" time="0.0" classname="com.asms.pages.BaseClass">
    <skipped/>
  </testcase> <!-- @AfterMethod tearDownMethod -->
  <testcase name="@AfterMethod tearDownMethod" time="0.0" classname="com.asms.pages.BaseClass">
    <skipped/>
  </testcase> <!-- @AfterMethod tearDownMethod -->
  <testcase name="@AfterMethod tearDownMethod" time="0.0" classname="com.asms.pages.BaseClass">
    <skipped/>
  </testcase> <!-- @AfterMethod tearDownMethod -->
  <testcase name="@AfterMethod tearDownMethod" time="0.0" classname="com.asms.pages.BaseClass">
    <skipped/>
  </testcase> <!-- @AfterMethod tearDownMethod -->
  <testcase name="@AfterMethod tearDownMethod" time="0.0" classname="com.asms.pages.BaseClass">
    <skipped/>
  </testcase> <!-- @AfterMethod tearDownMethod -->
  <testcase name="@AfterMethod tearDownMethod" time="0.0" classname="com.asms.pages.BaseClass">
    <skipped/>
  </testcase> <!-- @AfterMethod tearDownMethod -->
  <testcase name="@AfterMethod tearDownMethod" time="0.0" classname="com.asms.pages.BaseClass">
    <skipped/>
  </testcase> <!-- @AfterMethod tearDownMethod -->
  <testcase name="@AfterMethod tearDownMethod" time="0.0" classname="com.asms.pages.BaseClass">
    <skipped/>
  </testcase> <!-- @AfterMethod tearDownMethod -->
  <testcase name="@AfterMethod tearDownMethod" time="0.0" classname="com.asms.pages.BaseClass">
    <skipped/>
  </testcase> <!-- @AfterMethod tearDownMethod -->
  <testcase name="@AfterMethod tearDownMethod" time="0.0" classname="com.asms.pages.BaseClass">
    <skipped/>
  </testcase> <!-- @AfterMethod tearDownMethod -->
  <testcase name="@AfterMethod tearDownMethod" time="0.0" classname="com.asms.pages.BaseClass">
    <skipped/>
  </testcase> <!-- @AfterMethod tearDownMethod -->
  <testcase name="@AfterMethod tearDownMethod" time="0.0" classname="com.asms.pages.BaseClass">
    <skipped/>
  </testcase> <!-- @AfterMethod tearDownMethod -->
  <testcase name="@AfterMethod tearDownMethod" time="0.0" classname="com.asms.pages.BaseClass">
    <skipped/>
  </testcase> <!-- @AfterMethod tearDownMethod -->
  <testcase name="@AfterMethod tearDownMethod" time="0.0" classname="com.asms.pages.BaseClass">
    <skipped/>
  </testcase> <!-- @AfterMethod tearDownMethod -->
  <testcase name="@AfterMethod tearDownMethod" time="0.0" classname="com.asms.pages.BaseClass">
    <skipped/>
  </testcase> <!-- @AfterMethod tearDownMethod -->
  <testcase name="@AfterMethod tearDownMethod" time="0.0" classname="com.asms.pages.BaseClass">
    <skipped/>
  </testcase> <!-- @AfterMethod tearDownMethod -->
  <testcase name="@AfterMethod tearDownMethod" time="0.0" classname="com.asms.pages.BaseClass">
    <skipped/>
  </testcase> <!-- @AfterMethod tearDownMethod -->
  <testcase name="@AfterMethod tearDownMethod" time="0.0" classname="com.asms.pages.BaseClass">
    <skipped/>
  </testcase> <!-- @AfterMethod tearDownMethod -->
  <testcase name="@AfterMethod tearDownMethod" time="0.0" classname="com.asms.pages.BaseClass">
    <skipped/>
  </testcase> <!-- @AfterMethod tearDownMethod -->
  <testcase name="@AfterMethod tearDownMethod" time="0.0" classname="com.asms.pages.BaseClass">
    <skipped/>
  </testcase> <!-- @AfterMethod tearDownMethod -->
  <testcase name="@AfterMethod tearDownMethod" time="0.0" classname="com.asms.pages.BaseClass">
    <skipped/>
  </testcase> <!-- @AfterMethod tearDownMethod -->
  <testcase name="@AfterMethod tearDownMethod" time="0.0" classname="com.asms.pages.BaseClass">
    <skipped/>
  </testcase> <!-- @AfterMethod tearDownMethod -->
  <testcase name="@AfterMethod tearDownMethod" time="0.0" classname="com.asms.pages.BaseClass">
    <skipped/>
  </testcase> <!-- @AfterMethod tearDownMethod -->
  <testcase name="@AfterMethod tearDownMethod" time="0.0" classname="com.asms.pages.BaseClass">
    <skipped/>
  </testcase> <!-- @AfterMethod tearDownMethod -->
  <testcase name="@AfterMethod tearDownMethod" time="0.0" classname="com.asms.pages.BaseClass">
    <skipped/>
  </testcase> <!-- @AfterMethod tearDownMethod -->
  <testcase name="@AfterMethod tearDownMethod" time="0.0" classname="com.asms.pages.BaseClass">
    <skipped/>
  </testcase> <!-- @AfterMethod tearDownMethod -->
  <testcase name="@AfterMethod tearDownMethod" time="0.0" classname="com.asms.pages.BaseClass">
    <skipped/>
  </testcase> <!-- @AfterMethod tearDownMethod -->
  <testcase name="@AfterMethod tearDownMethod" time="0.0" classname="com.asms.pages.BaseClass">
    <skipped/>
  </testcase> <!-- @AfterMethod tearDownMethod -->
  <testcase name="@AfterMethod tearDownMethod" time="0.0" classname="com.asms.pages.BaseClass">
    <skipped/>
  </testcase> <!-- @AfterMethod tearDownMethod -->
  <testcase name="@AfterMethod tearDownMethod" time="0.0" classname="com.asms.pages.BaseClass">
    <skipped/>
  </testcase> <!-- @AfterMethod tearDownMethod -->
  <testcase name="@AfterMethod tearDownMethod" time="0.0" classname="com.asms.pages.BaseClass">
    <skipped/>
  </testcase> <!-- @AfterMethod tearDownMethod -->
  <testcase name="@AfterMethod tearDownMethod" time="0.0" classname="com.asms.pages.BaseClass">
    <skipped/>
  </testcase> <!-- @AfterMethod tearDownMethod -->
  <testcase name="@AfterMethod tearDownMethod" time="0.0" classname="com.asms.pages.BaseClass">
    <skipped/>
  </testcase> <!-- @AfterMethod tearDownMethod -->
  <testcase name="@AfterMethod tearDownMethod" time="0.0" classname="com.asms.pages.BaseClass">
    <skipped/>
  </testcase> <!-- @AfterMethod tearDownMethod -->
  <testcase name="@AfterMethod tearDownMethod" time="0.0" classname="com.asms.pages.BaseClass">
    <skipped/>
  </testcase> <!-- @AfterMethod tearDownMethod -->
  <testcase name="@AfterMethod tearDownMethod" time="0.0" classname="com.asms.pages.BaseClass">
    <skipped/>
  </testcase> <!-- @AfterMethod tearDownMethod -->
  <testcase name="@AfterMethod tearDownMethod" time="0.0" classname="com.asms.pages.BaseClass">
    <skipped/>
  </testcase> <!-- @AfterMethod tearDownMethod -->
  <testcase name="@AfterMethod tearDownMethod" time="0.0" classname="com.asms.pages.BaseClass">
    <skipped/>
  </testcase> <!-- @AfterMethod tearDownMethod -->
  <testcase name="@AfterMethod tearDownMethod" time="0.0" classname="com.asms.pages.BaseClass">
    <skipped/>
  </testcase> <!-- @AfterMethod tearDownMethod -->
  <testcase name="@AfterMethod tearDownMethod" time="0.0" classname="com.asms.pages.BaseClass">
    <skipped/>
  </testcase> <!-- @AfterMethod tearDownMethod -->
  <testcase name="@AfterMethod tearDownMethod" time="0.0" classname="com.asms.pages.BaseClass">
    <skipped/>
  </testcase> <!-- @AfterMethod tearDownMethod -->
  <testcase name="@AfterMethod tearDownMethod" time="0.0" classname="com.asms.pages.BaseClass">
    <skipped/>
  </testcase> <!-- @AfterMethod tearDownMethod -->
  <testcase name="@AfterMethod tearDownMethod" time="0.0" classname="com.asms.pages.BaseClass">
    <skipped/>
  </testcase> <!-- @AfterMethod tearDownMethod -->
  <testcase name="@AfterMethod tearDownMethod" time="0.0" classname="com.asms.pages.BaseClass">
    <skipped/>
  </testcase> <!-- @AfterMethod tearDownMethod -->
  <testcase name="@AfterMethod tearDownMethod" time="0.0" classname="com.asms.pages.BaseClass">
    <skipped/>
  </testcase> <!-- @AfterMethod tearDownMethod -->
  <testcase name="@AfterMethod tearDownMethod" time="0.0" classname="com.asms.pages.BaseClass">
    <skipped/>
  </testcase> <!-- @AfterMethod tearDownMethod -->
  <testcase name="@AfterMethod tearDownMethod" time="0.0" classname="com.asms.pages.BaseClass">
    <skipped/>
  </testcase> <!-- @AfterMethod tearDownMethod -->
  <testcase name="@AfterMethod tearDownMethod" time="0.0" classname="com.asms.pages.BaseClass">
    <skipped/>
  </testcase> <!-- @AfterMethod tearDownMethod -->
  <testcase name="@AfterMethod tearDownMethod" time="0.0" classname="com.asms.pages.BaseClass">
    <skipped/>
  </testcase> <!-- @AfterMethod tearDownMethod -->
  <testcase name="@AfterMethod tearDownMethod" time="0.0" classname="com.asms.pages.BaseClass">
    <skipped/>
  </testcase> <!-- @AfterMethod tearDownMethod -->
  <testcase name="@AfterMethod tearDownMethod" time="0.0" classname="com.asms.pages.BaseClass">
    <skipped/>
  </testcase> <!-- @AfterMethod tearDownMethod -->
  <testcase name="@AfterMethod tearDownMethod" time="0.0" classname="com.asms.pages.BaseClass">
    <skipped/>
  </testcase> <!-- @AfterMethod tearDownMethod -->
  <testcase name="@AfterMethod tearDownMethod" time="0.0" classname="com.asms.pages.BaseClass">
    <skipped/>
  </testcase> <!-- @AfterMethod tearDownMethod -->
  <testcase name="@AfterMethod tearDownMethod" time="0.0" classname="com.asms.pages.BaseClass">
    <skipped/>
  </testcase> <!-- @AfterMethod tearDownMethod -->
  <testcase name="directASMS_URL_Testing" time="67.271" classname="com.asms.testcases.DirectURLTesting">
    <failure type="java.lang.AssertionError" message="The following asserts failed:
	expected [Welcome to Aviator SMS] but found [Home Page]">
      <![CDATA[java.lang.AssertionError: The following asserts failed:
expected [Welcome to Aviator SMS] but found [Home Page]
at com.asms.testcases.DirectURLTesting.directASMS_URL_Testing(DirectURLTesting.java:69)
... Removed 26 stack frames]]>
    </failure>
  </testcase> <!-- directASMS_URL_Testing -->
  <testcase name="directASMS_URL_Testing" time="22.651" classname="com.asms.testcases.DirectURLTesting">
    <failure type="java.lang.AssertionError" message="The following asserts failed:
	expected [Welcome to Aviator SMS] but found [Favourites]">
      <![CDATA[java.lang.AssertionError: The following asserts failed:
expected [Welcome to Aviator SMS] but found [Favourites]
at com.asms.testcases.DirectURLTesting.directASMS_URL_Testing(DirectURLTesting.java:69)
... Removed 26 stack frames]]>
    </failure>
  </testcase> <!-- directASMS_URL_Testing -->
  <testcase name="directASMS_URL_Testing" time="21.048" classname="com.asms.testcases.DirectURLTesting">
    <failure type="java.lang.AssertionError" message="The following asserts failed:
	expected [Welcome to Aviator SMS] but found []">
      <![CDATA[java.lang.AssertionError: The following asserts failed:
expected [Welcome to Aviator SMS] but found []
at com.asms.testcases.DirectURLTesting.directASMS_URL_Testing(DirectURLTesting.java:69)
... Removed 26 stack frames]]>
    </failure>
  </testcase> <!-- directASMS_URL_Testing -->
  <testcase name="directASMS_URL_Testing" time="19.723" classname="com.asms.testcases.DirectURLTesting">
    <failure type="java.lang.AssertionError" message="The following asserts failed:
	expected [Welcome to Aviator SMS] but found [View Course Details Page]">
      <![CDATA[java.lang.AssertionError: The following asserts failed:
expected [Welcome to Aviator SMS] but found [View Course Details Page]
at com.asms.testcases.DirectURLTesting.directASMS_URL_Testing(DirectURLTesting.java:69)
... Removed 26 stack frames]]>
    </failure>
  </testcase> <!-- directASMS_URL_Testing -->
  <testcase name="directASMS_URL_Testing" time="28.366" classname="com.asms.testcases.DirectURLTesting"/>
  <testcase name="directASMS_URL_Testing" time="17.908" classname="com.asms.testcases.DirectURLTesting"/>
  <testcase name="directASMS_URL_Testing" time="16.76" classname="com.asms.testcases.DirectURLTesting">
    <failure type="java.lang.AssertionError" message="The following asserts failed:
	expected [Welcome to Aviator SMS] but found [Safety Manuals View]">
      <![CDATA[java.lang.AssertionError: The following asserts failed:
expected [Welcome to Aviator SMS] but found [Safety Manuals View]
at com.asms.testcases.DirectURLTesting.directASMS_URL_Testing(DirectURLTesting.java:69)
... Removed 26 stack frames]]>
    </failure>
  </testcase> <!-- directASMS_URL_Testing -->
  <testcase name="directASMS_URL_Testing" time="12.749" classname="com.asms.testcases.DirectURLTesting">
    <failure type="java.lang.AssertionError" message="The following asserts failed:
	expected [Welcome to Aviator SMS] but found []">
      <![CDATA[java.lang.AssertionError: The following asserts failed:
expected [Welcome to Aviator SMS] but found []
at com.asms.testcases.DirectURLTesting.directASMS_URL_Testing(DirectURLTesting.java:69)
... Removed 26 stack frames]]>
    </failure>
  </testcase> <!-- directASMS_URL_Testing -->
  <testcase name="directASMS_URL_Testing" time="15.829" classname="com.asms.testcases.DirectURLTesting">
    <failure type="java.lang.AssertionError" message="The following asserts failed:
	expected [Welcome to Aviator SMS] but found [Safety Manuals View]">
      <![CDATA[java.lang.AssertionError: The following asserts failed:
expected [Welcome to Aviator SMS] but found [Safety Manuals View]
at com.asms.testcases.DirectURLTesting.directASMS_URL_Testing(DirectURLTesting.java:69)
... Removed 26 stack frames]]>
    </failure>
  </testcase> <!-- directASMS_URL_Testing -->
  <testcase name="directASMS_URL_Testing" time="14.0" classname="com.asms.testcases.DirectURLTesting"/>
  <testcase name="directASMS_URL_Testing" time="20.203" classname="com.asms.testcases.DirectURLTesting"/>
  <testcase name="directASMS_URL_Testing" time="28.092" classname="com.asms.testcases.DirectURLTesting"/>
  <testcase name="directASMS_URL_Testing" time="16.252" classname="com.asms.testcases.DirectURLTesting"/>
  <testcase name="directASMS_URL_Testing" time="14.342" classname="com.asms.testcases.DirectURLTesting">
    <failure type="java.lang.AssertionError" message="The following asserts failed:
	expected [Welcome to Aviator SMS] but found [Employee Search Page]">
      <![CDATA[java.lang.AssertionError: The following asserts failed:
expected [Welcome to Aviator SMS] but found [Employee Search Page]
at com.asms.testcases.DirectURLTesting.directASMS_URL_Testing(DirectURLTesting.java:69)
... Removed 26 stack frames]]>
    </failure>
  </testcase> <!-- directASMS_URL_Testing -->
  <testcase name="directASMS_URL_Testing" time="13.656" classname="com.asms.testcases.DirectURLTesting"/>
  <testcase name="directASMS_URL_Testing" time="28.653" classname="com.asms.testcases.DirectURLTesting"/>
  <testcase name="directASMS_URL_Testing" time="16.259" classname="com.asms.testcases.DirectURLTesting"/>
  <testcase name="directASMS_URL_Testing" time="17.665" classname="com.asms.testcases.DirectURLTesting"/>
  <testcase name="directASMS_URL_Testing" time="36.52" classname="com.asms.testcases.DirectURLTesting"/>
  <testcase name="directASMS_URL_Testing" time="24.681" classname="com.asms.testcases.DirectURLTesting"/>
  <testcase name="directASMS_URL_Testing" time="18.575" classname="com.asms.testcases.DirectURLTesting"/>
  <testcase name="directASMS_URL_Testing" time="16.592" classname="com.asms.testcases.DirectURLTesting">
    <failure type="java.lang.AssertionError" message="The following asserts failed:
	expected [Welcome to Aviator SMS] but found [Generic Search]">
      <![CDATA[java.lang.AssertionError: The following asserts failed:
expected [Welcome to Aviator SMS] but found [Generic Search]
at com.asms.testcases.DirectURLTesting.directASMS_URL_Testing(DirectURLTesting.java:69)
... Removed 25 stack frames]]>
    </failure>
  </testcase> <!-- directASMS_URL_Testing -->
  <testcase name="directASMS_URL_Testing" time="16.308" classname="com.asms.testcases.DirectURLTesting"/>
  <testcase name="directASMS_URL_Testing" time="26.499" classname="com.asms.testcases.DirectURLTesting"/>
  <testcase name="directASMS_URL_Testing" time="48.46" classname="com.asms.testcases.DirectURLTesting"/>
  <testcase name="directASMS_URL_Testing" time="37.496" classname="com.asms.testcases.DirectURLTesting">
    <failure type="java.lang.AssertionError" message="The following asserts failed:
	expected [Welcome to Aviator SMS] but found [Hazard DashBoard]">
      <![CDATA[java.lang.AssertionError: The following asserts failed:
expected [Welcome to Aviator SMS] but found [Hazard DashBoard]
at com.asms.testcases.DirectURLTesting.directASMS_URL_Testing(DirectURLTesting.java:69)
... Removed 25 stack frames]]>
    </failure>
  </testcase> <!-- directASMS_URL_Testing -->
  <testcase name="directASMS_URL_Testing" time="73.727" classname="com.asms.testcases.DirectURLTesting"/>
  <testcase name="directASMS_URL_Testing" time="55.449" classname="com.asms.testcases.DirectURLTesting">
    <failure type="org.openqa.selenium.TimeoutException" message="timeout
  (Session info: chrome=76.0.3809.132)
Build info: version: &amp;apos;3.141.59&amp;apos;, revision: &amp;apos;e82be7d358&amp;apos;, time: &amp;apos;2018-11-14T08:17:03&amp;apos;
System info: host: &amp;apos;ASHOK&amp;apos;, ip: &amp;apos;192.168.235.182&amp;apos;, os.name: &amp;apos;Windows 10&amp;apos;, os.arch: &amp;apos;amd64&amp;apos;, os.version: &amp;apos;10.0&amp;apos;, java.version: &amp;apos;1.8.0_191&amp;apos;
Driver info: org.openqa.selenium.chrome.ChromeDriver
Capabilities {acceptInsecureCerts: false, browserName: chrome, browserVersion: 76.0.3809.132, chrome: {chromedriverVersion: 76.0.3809.126 (d80a294506b4..., userDataDir: C:\Users\ashokp\AppData\Loc...}, goog:chromeOptions: {debuggerAddress: localhost:49392}, javascriptEnabled: true, networkConnectionEnabled: false, pageLoadStrategy: normal, platform: XP, platformName: XP, proxy: Proxy(), setWindowRect: true, strictFileInteractability: false, timeouts: {implicit: 0, pageLoad: 300000, script: 30000}, unhandledPromptBehavior: dismiss and notify}
Session ID: 79252299b458413ef98a02876e24bc95">
      <![CDATA[org.openqa.selenium.TimeoutException: timeout
  (Session info: chrome=76.0.3809.132)
Build info: version: '3.141.59', revision: 'e82be7d358', time: '2018-11-14T08:17:03'
System info: host: 'ASHOK', ip: '192.168.235.182', os.name: 'Windows 10', os.arch: 'amd64', os.version: '10.0', java.version: '1.8.0_191'
Driver info: org.openqa.selenium.chrome.ChromeDriver
Capabilities {acceptInsecureCerts: false, browserName: chrome, browserVersion: 76.0.3809.132, chrome: {chromedriverVersion: 76.0.3809.126 (d80a294506b4..., userDataDir: C:\Users\ashokp\AppData\Loc...}, goog:chromeOptions: {debuggerAddress: localhost:49392}, javascriptEnabled: true, networkConnectionEnabled: false, pageLoadStrategy: normal, platform: XP, platformName: XP, proxy: Proxy(), setWindowRect: true, strictFileInteractability: false, timeouts: {implicit: 0, pageLoad: 300000, script: 30000}, unhandledPromptBehavior: dismiss and notify}
Session ID: 79252299b458413ef98a02876e24bc95
at org.openqa.selenium.remote.http.W3CHttpResponseCodec.createException(W3CHttpResponseCodec.java:187)
at org.openqa.selenium.remote.http.W3CHttpResponseCodec.decode(W3CHttpResponseCodec.java:122)
at org.openqa.selenium.remote.http.W3CHttpResponseCodec.decode(W3CHttpResponseCodec.java:49)
at org.openqa.selenium.remote.HttpCommandExecutor.execute(HttpCommandExecutor.java:158)
at org.openqa.selenium.remote.service.DriverCommandExecutor.execute(DriverCommandExecutor.java:83)
at org.openqa.selenium.remote.RemoteWebDriver.execute(RemoteWebDriver.java:552)
at org.openqa.selenium.remote.RemoteWebDriver.get(RemoteWebDriver.java:277)
at com.asms.testcases.DirectURLTesting.directASMS_URL_Testing(DirectURLTesting.java:63)
... Removed 28 stack frames]]>
    </failure>
  </testcase> <!-- directASMS_URL_Testing -->
  <testcase name="directASMS_URL_Testing" time="0.0" classname="com.asms.testcases.DirectURLTesting">
    <skipped/>
  </testcase> <!-- directASMS_URL_Testing -->
  <testcase name="directASMS_URL_Testing" time="0.0" classname="com.asms.testcases.DirectURLTesting">
    <skipped/>
  </testcase> <!-- directASMS_URL_Testing -->
  <testcase name="directASMS_URL_Testing" time="0.0" classname="com.asms.testcases.DirectURLTesting">
    <skipped/>
  </testcase> <!-- directASMS_URL_Testing -->
  <testcase name="directASMS_URL_Testing" time="0.0" classname="com.asms.testcases.DirectURLTesting">
    <skipped/>
  </testcase> <!-- directASMS_URL_Testing -->
  <testcase name="directASMS_URL_Testing" time="0.0" classname="com.asms.testcases.DirectURLTesting">
    <skipped/>
  </testcase> <!-- directASMS_URL_Testing -->
  <testcase name="directASMS_URL_Testing" time="0.0" classname="com.asms.testcases.DirectURLTesting">
    <skipped/>
  </testcase> <!-- directASMS_URL_Testing -->
  <testcase name="directASMS_URL_Testing" time="0.0" classname="com.asms.testcases.DirectURLTesting">
    <skipped/>
  </testcase> <!-- directASMS_URL_Testing -->
  <testcase name="directASMS_URL_Testing" time="0.0" classname="com.asms.testcases.DirectURLTesting">
    <skipped/>
  </testcase> <!-- directASMS_URL_Testing -->
  <testcase name="directASMS_URL_Testing" time="0.0" classname="com.asms.testcases.DirectURLTesting">
    <skipped/>
  </testcase> <!-- directASMS_URL_Testing -->
  <testcase name="directASMS_URL_Testing" time="0.0" classname="com.asms.testcases.DirectURLTesting">
    <skipped/>
  </testcase> <!-- directASMS_URL_Testing -->
  <testcase name="directASMS_URL_Testing" time="0.0" classname="com.asms.testcases.DirectURLTesting">
    <skipped/>
  </testcase> <!-- directASMS_URL_Testing -->
  <testcase name="directASMS_URL_Testing" time="0.0" classname="com.asms.testcases.DirectURLTesting">
    <skipped/>
  </testcase> <!-- directASMS_URL_Testing -->
  <testcase name="directASMS_URL_Testing" time="0.0" classname="com.asms.testcases.DirectURLTesting">
    <skipped/>
  </testcase> <!-- directASMS_URL_Testing -->
  <testcase name="directASMS_URL_Testing" time="0.0" classname="com.asms.testcases.DirectURLTesting">
    <skipped/>
  </testcase> <!-- directASMS_URL_Testing -->
  <testcase name="directASMS_URL_Testing" time="0.0" classname="com.asms.testcases.DirectURLTesting">
    <skipped/>
  </testcase> <!-- directASMS_URL_Testing -->
  <testcase name="directASMS_URL_Testing" time="0.0" classname="com.asms.testcases.DirectURLTesting">
    <skipped/>
  </testcase> <!-- directASMS_URL_Testing -->
  <testcase name="directASMS_URL_Testing" time="0.0" classname="com.asms.testcases.DirectURLTesting">
    <skipped/>
  </testcase> <!-- directASMS_URL_Testing -->
  <testcase name="directASMS_URL_Testing" time="0.0" classname="com.asms.testcases.DirectURLTesting">
    <skipped/>
  </testcase> <!-- directASMS_URL_Testing -->
  <testcase name="directASMS_URL_Testing" time="0.0" classname="com.asms.testcases.DirectURLTesting">
    <skipped/>
  </testcase> <!-- directASMS_URL_Testing -->
  <testcase name="directASMS_URL_Testing" time="0.0" classname="com.asms.testcases.DirectURLTesting">
    <skipped/>
  </testcase> <!-- directASMS_URL_Testing -->
  <testcase name="directASMS_URL_Testing" time="0.0" classname="com.asms.testcases.DirectURLTesting">
    <skipped/>
  </testcase> <!-- directASMS_URL_Testing -->
  <testcase name="directASMS_URL_Testing" time="0.0" classname="com.asms.testcases.DirectURLTesting">
    <skipped/>
  </testcase> <!-- directASMS_URL_Testing -->
  <testcase name="directASMS_URL_Testing" time="0.0" classname="com.asms.testcases.DirectURLTesting">
    <skipped/>
  </testcase> <!-- directASMS_URL_Testing -->
  <testcase name="directASMS_URL_Testing" time="0.0" classname="com.asms.testcases.DirectURLTesting">
    <skipped/>
  </testcase> <!-- directASMS_URL_Testing -->
  <testcase name="directASMS_URL_Testing" time="0.0" classname="com.asms.testcases.DirectURLTesting">
    <skipped/>
  </testcase> <!-- directASMS_URL_Testing -->
  <testcase name="directASMS_URL_Testing" time="0.0" classname="com.asms.testcases.DirectURLTesting">
    <skipped/>
  </testcase> <!-- directASMS_URL_Testing -->
  <testcase name="directASMS_URL_Testing" time="0.0" classname="com.asms.testcases.DirectURLTesting">
    <skipped/>
  </testcase> <!-- directASMS_URL_Testing -->
  <testcase name="directASMS_URL_Testing" time="0.0" classname="com.asms.testcases.DirectURLTesting">
    <skipped/>
  </testcase> <!-- directASMS_URL_Testing -->
  <testcase name="directASMS_URL_Testing" time="0.0" classname="com.asms.testcases.DirectURLTesting">
    <skipped/>
  </testcase> <!-- directASMS_URL_Testing -->
  <testcase name="directASMS_URL_Testing" time="0.0" classname="com.asms.testcases.DirectURLTesting">
    <skipped/>
  </testcase> <!-- directASMS_URL_Testing -->
  <testcase name="directASMS_URL_Testing" time="0.0" classname="com.asms.testcases.DirectURLTesting">
    <skipped/>
  </testcase> <!-- directASMS_URL_Testing -->
  <testcase name="directASMS_URL_Testing" time="0.0" classname="com.asms.testcases.DirectURLTesting">
    <skipped/>
  </testcase> <!-- directASMS_URL_Testing -->
  <testcase name="directASMS_URL_Testing" time="0.0" classname="com.asms.testcases.DirectURLTesting">
    <skipped/>
  </testcase> <!-- directASMS_URL_Testing -->
  <testcase name="directASMS_URL_Testing" time="0.0" classname="com.asms.testcases.DirectURLTesting">
    <skipped/>
  </testcase> <!-- directASMS_URL_Testing -->
  <testcase name="directASMS_URL_Testing" time="0.0" classname="com.asms.testcases.DirectURLTesting">
    <skipped/>
  </testcase> <!-- directASMS_URL_Testing -->
  <testcase name="directASMS_URL_Testing" time="0.0" classname="com.asms.testcases.DirectURLTesting">
    <skipped/>
  </testcase> <!-- directASMS_URL_Testing -->
  <testcase name="directASMS_URL_Testing" time="0.0" classname="com.asms.testcases.DirectURLTesting">
    <skipped/>
  </testcase> <!-- directASMS_URL_Testing -->
  <testcase name="directASMS_URL_Testing" time="0.0" classname="com.asms.testcases.DirectURLTesting">
    <skipped/>
  </testcase> <!-- directASMS_URL_Testing -->
  <testcase name="directASMS_URL_Testing" time="0.0" classname="com.asms.testcases.DirectURLTesting">
    <skipped/>
  </testcase> <!-- directASMS_URL_Testing -->
  <testcase name="directASMS_URL_Testing" time="0.0" classname="com.asms.testcases.DirectURLTesting">
    <skipped/>
  </testcase> <!-- directASMS_URL_Testing -->
  <testcase name="directASMS_URL_Testing" time="0.0" classname="com.asms.testcases.DirectURLTesting">
    <skipped/>
  </testcase> <!-- directASMS_URL_Testing -->
  <testcase name="directASMS_URL_Testing" time="0.0" classname="com.asms.testcases.DirectURLTesting">
    <skipped/>
  </testcase> <!-- directASMS_URL_Testing -->
  <testcase name="directASMS_URL_Testing" time="0.0" classname="com.asms.testcases.DirectURLTesting">
    <skipped/>
  </testcase> <!-- directASMS_URL_Testing -->
  <testcase name="directASMS_URL_Testing" time="0.0" classname="com.asms.testcases.DirectURLTesting">
    <skipped/>
  </testcase> <!-- directASMS_URL_Testing -->
  <testcase name="directASMS_URL_Testing" time="0.0" classname="com.asms.testcases.DirectURLTesting">
    <skipped/>
  </testcase> <!-- directASMS_URL_Testing -->
  <testcase name="directASMS_URL_Testing" time="0.0" classname="com.asms.testcases.DirectURLTesting">
    <skipped/>
  </testcase> <!-- directASMS_URL_Testing -->
  <testcase name="directASMS_URL_Testing" time="0.0" classname="com.asms.testcases.DirectURLTesting">
    <skipped/>
  </testcase> <!-- directASMS_URL_Testing -->
  <testcase name="directASMS_URL_Testing" time="0.0" classname="com.asms.testcases.DirectURLTesting">
    <skipped/>
  </testcase> <!-- directASMS_URL_Testing -->
  <testcase name="directASMS_URL_Testing" time="0.0" classname="com.asms.testcases.DirectURLTesting">
    <skipped/>
  </testcase> <!-- directASMS_URL_Testing -->
  <testcase name="directASMS_URL_Testing" time="0.0" classname="com.asms.testcases.DirectURLTesting">
    <skipped/>
  </testcase> <!-- directASMS_URL_Testing -->
  <testcase name="directASMS_URL_Testing" time="0.0" classname="com.asms.testcases.DirectURLTesting">
    <skipped/>
  </testcase> <!-- directASMS_URL_Testing -->
  <testcase name="directASMS_URL_Testing" time="0.0" classname="com.asms.testcases.DirectURLTesting">
    <skipped/>
  </testcase> <!-- directASMS_URL_Testing -->
  <testcase name="directASMS_URL_Testing" time="0.0" classname="com.asms.testcases.DirectURLTesting">
    <skipped/>
  </testcase> <!-- directASMS_URL_Testing -->
  <testcase name="directASMS_URL_Testing" time="0.0" classname="com.asms.testcases.DirectURLTesting">
    <skipped/>
  </testcase> <!-- directASMS_URL_Testing -->
  <testcase name="directASMS_URL_Testing" time="0.0" classname="com.asms.testcases.DirectURLTesting">
    <skipped/>
  </testcase> <!-- directASMS_URL_Testing -->
  <testcase name="directASMS_URL_Testing" time="0.0" classname="com.asms.testcases.DirectURLTesting">
    <skipped/>
  </testcase> <!-- directASMS_URL_Testing -->
  <testcase name="directASMS_URL_Testing" time="0.0" classname="com.asms.testcases.DirectURLTesting">
    <skipped/>
  </testcase> <!-- directASMS_URL_Testing -->
  <testcase name="directASMS_URL_Testing" time="0.0" classname="com.asms.testcases.DirectURLTesting">
    <skipped/>
  </testcase> <!-- directASMS_URL_Testing -->
  <testcase name="directASMS_URL_Testing" time="0.0" classname="com.asms.testcases.DirectURLTesting">
    <skipped/>
  </testcase> <!-- directASMS_URL_Testing -->
  <testcase name="directASMS_URL_Testing" time="0.0" classname="com.asms.testcases.DirectURLTesting">
    <skipped/>
  </testcase> <!-- directASMS_URL_Testing -->
  <testcase name="directASMS_URL_Testing" time="0.0" classname="com.asms.testcases.DirectURLTesting">
    <skipped/>
  </testcase> <!-- directASMS_URL_Testing -->
  <testcase name="directASMS_URL_Testing" time="0.0" classname="com.asms.testcases.DirectURLTesting">
    <skipped/>
  </testcase> <!-- directASMS_URL_Testing -->
  <testcase name="directASMS_URL_Testing" time="0.0" classname="com.asms.testcases.DirectURLTesting">
    <skipped/>
  </testcase> <!-- directASMS_URL_Testing -->
  <testcase name="directASMS_URL_Testing" time="0.0" classname="com.asms.testcases.DirectURLTesting">
    <skipped/>
  </testcase> <!-- directASMS_URL_Testing -->
  <testcase name="directASMS_URL_Testing" time="0.0" classname="com.asms.testcases.DirectURLTesting">
    <skipped/>
  </testcase> <!-- directASMS_URL_Testing -->
  <testcase name="directASMS_URL_Testing" time="0.0" classname="com.asms.testcases.DirectURLTesting">
    <skipped/>
  </testcase> <!-- directASMS_URL_Testing -->
  <testcase name="directASMS_URL_Testing" time="0.0" classname="com.asms.testcases.DirectURLTesting">
    <skipped/>
  </testcase> <!-- directASMS_URL_Testing -->
  <testcase name="directASMS_URL_Testing" time="0.0" classname="com.asms.testcases.DirectURLTesting">
    <skipped/>
  </testcase> <!-- directASMS_URL_Testing -->
  <testcase name="directASMS_URL_Testing" time="0.0" classname="com.asms.testcases.DirectURLTesting">
    <skipped/>
  </testcase> <!-- directASMS_URL_Testing -->
  <testcase name="directASMS_URL_Testing" time="0.0" classname="com.asms.testcases.DirectURLTesting">
    <skipped/>
  </testcase> <!-- directASMS_URL_Testing -->
  <testcase name="directASMS_URL_Testing" time="0.0" classname="com.asms.testcases.DirectURLTesting">
    <skipped/>
  </testcase> <!-- directASMS_URL_Testing -->
  <testcase name="directASMS_URL_Testing" time="0.0" classname="com.asms.testcases.DirectURLTesting">
    <skipped/>
  </testcase> <!-- directASMS_URL_Testing -->
  <testcase name="directASMS_URL_Testing" time="0.0" classname="com.asms.testcases.DirectURLTesting">
    <skipped/>
  </testcase> <!-- directASMS_URL_Testing -->
  <testcase name="directASMS_URL_Testing" time="0.0" classname="com.asms.testcases.DirectURLTesting">
    <skipped/>
  </testcase> <!-- directASMS_URL_Testing -->
  <testcase name="directASMS_URL_Testing" time="0.0" classname="com.asms.testcases.DirectURLTesting">
    <skipped/>
  </testcase> <!-- directASMS_URL_Testing -->
  <testcase name="directASMS_URL_Testing" time="0.0" classname="com.asms.testcases.DirectURLTesting">
    <skipped/>
  </testcase> <!-- directASMS_URL_Testing -->
  <testcase name="directASMS_URL_Testing" time="0.0" classname="com.asms.testcases.DirectURLTesting">
    <skipped/>
  </testcase> <!-- directASMS_URL_Testing -->
  <testcase name="directASMS_URL_Testing" time="0.0" classname="com.asms.testcases.DirectURLTesting">
    <skipped/>
  </testcase> <!-- directASMS_URL_Testing -->
  <testcase name="directASMS_URL_Testing" time="0.0" classname="com.asms.testcases.DirectURLTesting">
    <skipped/>
  </testcase> <!-- directASMS_URL_Testing -->
  <testcase name="directASMS_URL_Testing" time="0.0" classname="com.asms.testcases.DirectURLTesting">
    <skipped/>
  </testcase> <!-- directASMS_URL_Testing -->
  <testcase name="directASMS_URL_Testing" time="0.0" classname="com.asms.testcases.DirectURLTesting">
    <skipped/>
  </testcase> <!-- directASMS_URL_Testing -->
  <testcase name="directASMS_URL_Testing" time="0.0" classname="com.asms.testcases.DirectURLTesting">
    <skipped/>
  </testcase> <!-- directASMS_URL_Testing -->
  <testcase name="directASMS_URL_Testing" time="0.0" classname="com.asms.testcases.DirectURLTesting">
    <skipped/>
  </testcase> <!-- directASMS_URL_Testing -->
  <testcase name="directASMS_URL_Testing" time="0.0" classname="com.asms.testcases.DirectURLTesting">
    <skipped/>
  </testcase> <!-- directASMS_URL_Testing -->
  <testcase name="directASMS_URL_Testing" time="0.0" classname="com.asms.testcases.DirectURLTesting">
    <skipped/>
  </testcase> <!-- directASMS_URL_Testing -->
  <testcase name="directASMS_URL_Testing" time="0.0" classname="com.asms.testcases.DirectURLTesting">
    <skipped/>
  </testcase> <!-- directASMS_URL_Testing -->
  <testcase name="directASMS_URL_Testing" time="0.0" classname="com.asms.testcases.DirectURLTesting">
    <skipped/>
  </testcase> <!-- directASMS_URL_Testing -->
  <testcase name="directASMS_URL_Testing" time="0.0" classname="com.asms.testcases.DirectURLTesting">
    <skipped/>
  </testcase> <!-- directASMS_URL_Testing -->
  <testcase name="directASMS_URL_Testing" time="0.0" classname="com.asms.testcases.DirectURLTesting">
    <skipped/>
  </testcase> <!-- directASMS_URL_Testing -->
  <testcase name="directASMS_URL_Testing" time="0.0" classname="com.asms.testcases.DirectURLTesting">
    <skipped/>
  </testcase> <!-- directASMS_URL_Testing -->
  <testcase name="directASMS_URL_Testing" time="0.0" classname="com.asms.testcases.DirectURLTesting">
    <skipped/>
  </testcase> <!-- directASMS_URL_Testing -->
  <testcase name="directASMS_URL_Testing" time="0.0" classname="com.asms.testcases.DirectURLTesting">
    <skipped/>
  </testcase> <!-- directASMS_URL_Testing -->
  <testcase name="directASMS_URL_Testing" time="0.0" classname="com.asms.testcases.DirectURLTesting">
    <skipped/>
  </testcase> <!-- directASMS_URL_Testing -->
  <testcase name="directASMS_URL_Testing" time="0.0" classname="com.asms.testcases.DirectURLTesting">
    <skipped/>
  </testcase> <!-- directASMS_URL_Testing -->
  <testcase name="directASMS_URL_Testing" time="0.0" classname="com.asms.testcases.DirectURLTesting">
    <skipped/>
  </testcase> <!-- directASMS_URL_Testing -->
  <testcase name="directASMS_URL_Testing" time="0.0" classname="com.asms.testcases.DirectURLTesting">
    <skipped/>
  </testcase> <!-- directASMS_URL_Testing -->
  <testcase name="directASMS_URL_Testing" time="0.0" classname="com.asms.testcases.DirectURLTesting">
    <skipped/>
  </testcase> <!-- directASMS_URL_Testing -->
  <testcase name="directASMS_URL_Testing" time="0.0" classname="com.asms.testcases.DirectURLTesting">
    <skipped/>
  </testcase> <!-- directASMS_URL_Testing -->
  <testcase name="directASMS_URL_Testing" time="0.0" classname="com.asms.testcases.DirectURLTesting">
    <skipped/>
  </testcase> <!-- directASMS_URL_Testing -->
  <testcase name="directASMS_URL_Testing" time="0.0" classname="com.asms.testcases.DirectURLTesting">
    <skipped/>
  </testcase> <!-- directASMS_URL_Testing -->
  <testcase name="directASMS_URL_Testing" time="0.0" classname="com.asms.testcases.DirectURLTesting">
    <skipped/>
  </testcase> <!-- directASMS_URL_Testing -->
  <testcase name="directASMS_URL_Testing" time="0.0" classname="com.asms.testcases.DirectURLTesting">
    <skipped/>
  </testcase> <!-- directASMS_URL_Testing -->
  <testcase name="directASMS_URL_Testing" time="0.0" classname="com.asms.testcases.DirectURLTesting">
    <skipped/>
  </testcase> <!-- directASMS_URL_Testing -->
  <testcase name="directASMS_URL_Testing" time="0.0" classname="com.asms.testcases.DirectURLTesting">
    <skipped/>
  </testcase> <!-- directASMS_URL_Testing -->
  <testcase name="directASMS_URL_Testing" time="0.0" classname="com.asms.testcases.DirectURLTesting">
    <skipped/>
  </testcase> <!-- directASMS_URL_Testing -->
  <testcase name="directASMS_URL_Testing" time="0.0" classname="com.asms.testcases.DirectURLTesting">
    <skipped/>
  </testcase> <!-- directASMS_URL_Testing -->
  <testcase name="directASMS_URL_Testing" time="0.0" classname="com.asms.testcases.DirectURLTesting">
    <skipped/>
  </testcase> <!-- directASMS_URL_Testing -->
  <testcase name="directASMS_URL_Testing" time="0.0" classname="com.asms.testcases.DirectURLTesting">
    <skipped/>
  </testcase> <!-- directASMS_URL_Testing -->
  <testcase name="directASMS_URL_Testing" time="0.0" classname="com.asms.testcases.DirectURLTesting">
    <skipped/>
  </testcase> <!-- directASMS_URL_Testing -->
  <testcase name="directASMS_URL_Testing" time="0.0" classname="com.asms.testcases.DirectURLTesting">
    <skipped/>
  </testcase> <!-- directASMS_URL_Testing -->
  <testcase name="directASMS_URL_Testing" time="0.0" classname="com.asms.testcases.DirectURLTesting">
    <skipped/>
  </testcase> <!-- directASMS_URL_Testing -->
  <testcase name="directASMS_URL_Testing" time="0.0" classname="com.asms.testcases.DirectURLTesting">
    <skipped/>
  </testcase> <!-- directASMS_URL_Testing -->
  <testcase name="directASMS_URL_Testing" time="0.0" classname="com.asms.testcases.DirectURLTesting">
    <skipped/>
  </testcase> <!-- directASMS_URL_Testing -->
  <testcase name="directASMS_URL_Testing" time="0.0" classname="com.asms.testcases.DirectURLTesting">
    <skipped/>
  </testcase> <!-- directASMS_URL_Testing -->
  <testcase name="directASMS_URL_Testing" time="0.0" classname="com.asms.testcases.DirectURLTesting">
    <skipped/>
  </testcase> <!-- directASMS_URL_Testing -->
  <testcase name="directASMS_URL_Testing" time="0.0" classname="com.asms.testcases.DirectURLTesting">
    <skipped/>
  </testcase> <!-- directASMS_URL_Testing -->
  <testcase name="directASMS_URL_Testing" time="0.0" classname="com.asms.testcases.DirectURLTesting">
    <skipped/>
  </testcase> <!-- directASMS_URL_Testing -->
  <testcase name="directASMS_URL_Testing" time="0.0" classname="com.asms.testcases.DirectURLTesting">
    <skipped/>
  </testcase> <!-- directASMS_URL_Testing -->
  <testcase name="directASMS_URL_Testing" time="0.0" classname="com.asms.testcases.DirectURLTesting">
    <skipped/>
  </testcase> <!-- directASMS_URL_Testing -->
  <testcase name="directASMS_URL_Testing" time="0.0" classname="com.asms.testcases.DirectURLTesting">
    <skipped/>
  </testcase> <!-- directASMS_URL_Testing -->
  <testcase name="directASMS_URL_Testing" time="0.0" classname="com.asms.testcases.DirectURLTesting">
    <skipped/>
  </testcase> <!-- directASMS_URL_Testing -->
  <testcase name="directASMS_URL_Testing" time="0.0" classname="com.asms.testcases.DirectURLTesting">
    <skipped/>
  </testcase> <!-- directASMS_URL_Testing -->
  <testcase name="directASMS_URL_Testing" time="0.0" classname="com.asms.testcases.DirectURLTesting">
    <skipped/>
  </testcase> <!-- directASMS_URL_Testing -->
  <testcase name="directASMS_URL_Testing" time="0.0" classname="com.asms.testcases.DirectURLTesting">
    <skipped/>
  </testcase> <!-- directASMS_URL_Testing -->
  <testcase name="directASMS_URL_Testing" time="0.0" classname="com.asms.testcases.DirectURLTesting">
    <skipped/>
  </testcase> <!-- directASMS_URL_Testing -->
  <testcase name="directASMS_URL_Testing" time="0.0" classname="com.asms.testcases.DirectURLTesting">
    <skipped/>
  </testcase> <!-- directASMS_URL_Testing -->
  <testcase name="directASMS_URL_Testing" time="0.0" classname="com.asms.testcases.DirectURLTesting">
    <skipped/>
  </testcase> <!-- directASMS_URL_Testing -->
  <testcase name="directASMS_URL_Testing" time="0.0" classname="com.asms.testcases.DirectURLTesting">
    <skipped/>
  </testcase> <!-- directASMS_URL_Testing -->
  <testcase name="directASMS_URL_Testing" time="0.0" classname="com.asms.testcases.DirectURLTesting">
    <skipped/>
  </testcase> <!-- directASMS_URL_Testing -->
  <testcase name="directASMS_URL_Testing" time="0.0" classname="com.asms.testcases.DirectURLTesting">
    <skipped/>
  </testcase> <!-- directASMS_URL_Testing -->
  <testcase name="directASMS_URL_Testing" time="0.0" classname="com.asms.testcases.DirectURLTesting">
    <skipped/>
  </testcase> <!-- directASMS_URL_Testing -->
  <testcase name="directASMS_URL_Testing" time="0.0" classname="com.asms.testcases.DirectURLTesting">
    <skipped/>
  </testcase> <!-- directASMS_URL_Testing -->
  <testcase name="directASMS_URL_Testing" time="0.0" classname="com.asms.testcases.DirectURLTesting">
    <skipped/>
  </testcase> <!-- directASMS_URL_Testing -->
  <testcase name="directASMS_URL_Testing" time="0.0" classname="com.asms.testcases.DirectURLTesting">
    <skipped/>
  </testcase> <!-- directASMS_URL_Testing -->
  <testcase name="directASMS_URL_Testing" time="0.0" classname="com.asms.testcases.DirectURLTesting">
    <skipped/>
  </testcase> <!-- directASMS_URL_Testing -->
  <testcase name="directASMS_URL_Testing" time="0.0" classname="com.asms.testcases.DirectURLTesting">
    <skipped/>
  </testcase> <!-- directASMS_URL_Testing -->
  <testcase name="directASMS_URL_Testing" time="0.0" classname="com.asms.testcases.DirectURLTesting">
    <skipped/>
  </testcase> <!-- directASMS_URL_Testing -->
  <testcase name="directASMS_URL_Testing" time="0.0" classname="com.asms.testcases.DirectURLTesting">
    <skipped/>
  </testcase> <!-- directASMS_URL_Testing -->
  <testcase name="directASMS_URL_Testing" time="0.0" classname="com.asms.testcases.DirectURLTesting">
    <skipped/>
  </testcase> <!-- directASMS_URL_Testing -->
  <testcase name="directASMS_URL_Testing" time="0.0" classname="com.asms.testcases.DirectURLTesting">
    <skipped/>
  </testcase> <!-- directASMS_URL_Testing -->
  <testcase name="directASMS_URL_Testing" time="0.0" classname="com.asms.testcases.DirectURLTesting">
    <skipped/>
  </testcase> <!-- directASMS_URL_Testing -->
  <testcase name="directASMS_URL_Testing" time="0.0" classname="com.asms.testcases.DirectURLTesting">
    <skipped/>
  </testcase> <!-- directASMS_URL_Testing -->
  <testcase name="directASMS_URL_Testing" time="0.0" classname="com.asms.testcases.DirectURLTesting">
    <skipped/>
  </testcase> <!-- directASMS_URL_Testing -->
  <testcase name="directASMS_URL_Testing" time="0.0" classname="com.asms.testcases.DirectURLTesting">
    <skipped/>
  </testcase> <!-- directASMS_URL_Testing -->
  <testcase name="directASMS_URL_Testing" time="0.0" classname="com.asms.testcases.DirectURLTesting">
    <skipped/>
  </testcase> <!-- directASMS_URL_Testing -->
  <testcase name="directASMS_URL_Testing" time="0.0" classname="com.asms.testcases.DirectURLTesting">
    <skipped/>
  </testcase> <!-- directASMS_URL_Testing -->
  <testcase name="directASMS_URL_Testing" time="0.0" classname="com.asms.testcases.DirectURLTesting">
    <skipped/>
  </testcase> <!-- directASMS_URL_Testing -->
  <testcase name="directASMS_URL_Testing" time="0.0" classname="com.asms.testcases.DirectURLTesting">
    <skipped/>
  </testcase> <!-- directASMS_URL_Testing -->
  <testcase name="directASMS_URL_Testing" time="0.0" classname="com.asms.testcases.DirectURLTesting">
    <skipped/>
  </testcase> <!-- directASMS_URL_Testing -->
  <testcase name="directASMS_URL_Testing" time="0.0" classname="com.asms.testcases.DirectURLTesting">
    <skipped/>
  </testcase> <!-- directASMS_URL_Testing -->
  <testcase name="directASMS_URL_Testing" time="0.0" classname="com.asms.testcases.DirectURLTesting">
    <skipped/>
  </testcase> <!-- directASMS_URL_Testing -->
  <testcase name="directASMS_URL_Testing" time="0.0" classname="com.asms.testcases.DirectURLTesting">
    <skipped/>
  </testcase> <!-- directASMS_URL_Testing -->
  <testcase name="directASMS_URL_Testing" time="0.0" classname="com.asms.testcases.DirectURLTesting">
    <skipped/>
  </testcase> <!-- directASMS_URL_Testing -->
  <testcase name="directASMS_URL_Testing" time="0.0" classname="com.asms.testcases.DirectURLTesting">
    <skipped/>
  </testcase> <!-- directASMS_URL_Testing -->
  <testcase name="directASMS_URL_Testing" time="0.0" classname="com.asms.testcases.DirectURLTesting">
    <skipped/>
  </testcase> <!-- directASMS_URL_Testing -->
  <testcase name="directASMS_URL_Testing" time="0.0" classname="com.asms.testcases.DirectURLTesting">
    <skipped/>
  </testcase> <!-- directASMS_URL_Testing -->
  <testcase name="directASMS_URL_Testing" time="0.0" classname="com.asms.testcases.DirectURLTesting">
    <skipped/>
  </testcase> <!-- directASMS_URL_Testing -->
  <testcase name="directASMS_URL_Testing" time="0.0" classname="com.asms.testcases.DirectURLTesting">
    <skipped/>
  </testcase> <!-- directASMS_URL_Testing -->
  <testcase name="directASMS_URL_Testing" time="0.0" classname="com.asms.testcases.DirectURLTesting">
    <skipped/>
  </testcase> <!-- directASMS_URL_Testing -->
  <testcase name="directASMS_URL_Testing" time="0.0" classname="com.asms.testcases.DirectURLTesting">
    <skipped/>
  </testcase> <!-- directASMS_URL_Testing -->
  <testcase name="directASMS_URL_Testing" time="0.0" classname="com.asms.testcases.DirectURLTesting">
    <skipped/>
  </testcase> <!-- directASMS_URL_Testing -->
  <testcase name="directASMS_URL_Testing" time="0.0" classname="com.asms.testcases.DirectURLTesting">
    <skipped/>
  </testcase> <!-- directASMS_URL_Testing -->
  <testcase name="directASMS_URL_Testing" time="0.0" classname="com.asms.testcases.DirectURLTesting">
    <skipped/>
  </testcase> <!-- directASMS_URL_Testing -->
  <testcase name="directASMS_URL_Testing" time="0.0" classname="com.asms.testcases.DirectURLTesting">
    <skipped/>
  </testcase> <!-- directASMS_URL_Testing -->
  <testcase name="directASMS_URL_Testing" time="0.0" classname="com.asms.testcases.DirectURLTesting">
    <skipped/>
  </testcase> <!-- directASMS_URL_Testing -->
  <testcase name="directASMS_URL_Testing" time="0.0" classname="com.asms.testcases.DirectURLTesting">
    <skipped/>
  </testcase> <!-- directASMS_URL_Testing -->
  <testcase name="directASMS_URL_Testing" time="0.0" classname="com.asms.testcases.DirectURLTesting">
    <skipped/>
  </testcase> <!-- directASMS_URL_Testing -->
  <testcase name="directASMS_URL_Testing" time="0.0" classname="com.asms.testcases.DirectURLTesting">
    <skipped/>
  </testcase> <!-- directASMS_URL_Testing -->
  <testcase name="directASMS_URL_Testing" time="0.0" classname="com.asms.testcases.DirectURLTesting">
    <skipped/>
  </testcase> <!-- directASMS_URL_Testing -->
  <testcase name="directASMS_URL_Testing" time="0.0" classname="com.asms.testcases.DirectURLTesting">
    <skipped/>
  </testcase> <!-- directASMS_URL_Testing -->
  <testcase name="directASMS_URL_Testing" time="0.0" classname="com.asms.testcases.DirectURLTesting">
    <skipped/>
  </testcase> <!-- directASMS_URL_Testing -->
  <testcase name="directASMS_URL_Testing" time="0.0" classname="com.asms.testcases.DirectURLTesting">
    <skipped/>
  </testcase> <!-- directASMS_URL_Testing -->
  <testcase name="directASMS_URL_Testing" time="0.0" classname="com.asms.testcases.DirectURLTesting">
    <skipped/>
  </testcase> <!-- directASMS_URL_Testing -->
  <testcase name="directASMS_URL_Testing" time="0.0" classname="com.asms.testcases.DirectURLTesting">
    <skipped/>
  </testcase> <!-- directASMS_URL_Testing -->
  <testcase name="directASMS_URL_Testing" time="0.0" classname="com.asms.testcases.DirectURLTesting">
    <skipped/>
  </testcase> <!-- directASMS_URL_Testing -->
  <testcase name="directASMS_URL_Testing" time="0.0" classname="com.asms.testcases.DirectURLTesting">
    <skipped/>
  </testcase> <!-- directASMS_URL_Testing -->
  <testcase name="directASMS_URL_Testing" time="0.0" classname="com.asms.testcases.DirectURLTesting">
    <skipped/>
  </testcase> <!-- directASMS_URL_Testing -->
  <testcase name="directASMS_URL_Testing" time="0.0" classname="com.asms.testcases.DirectURLTesting">
    <skipped/>
  </testcase> <!-- directASMS_URL_Testing -->
  <testcase name="directASMS_URL_Testing" time="0.0" classname="com.asms.testcases.DirectURLTesting">
    <skipped/>
  </testcase> <!-- directASMS_URL_Testing -->
  <testcase name="directASMS_URL_Testing" time="0.0" classname="com.asms.testcases.DirectURLTesting">
    <skipped/>
  </testcase> <!-- directASMS_URL_Testing -->
  <testcase name="directASMS_URL_Testing" time="0.0" classname="com.asms.testcases.DirectURLTesting">
    <skipped/>
  </testcase> <!-- directASMS_URL_Testing -->
  <testcase name="directASMS_URL_Testing" time="0.0" classname="com.asms.testcases.DirectURLTesting">
    <skipped/>
  </testcase> <!-- directASMS_URL_Testing -->
  <testcase name="directASMS_URL_Testing" time="0.0" classname="com.asms.testcases.DirectURLTesting">
    <skipped/>
  </testcase> <!-- directASMS_URL_Testing -->
  <testcase name="directASMS_URL_Testing" time="0.0" classname="com.asms.testcases.DirectURLTesting">
    <skipped/>
  </testcase> <!-- directASMS_URL_Testing -->
  <testcase name="directASMS_URL_Testing" time="0.0" classname="com.asms.testcases.DirectURLTesting">
    <skipped/>
  </testcase> <!-- directASMS_URL_Testing -->
  <testcase name="directASMS_URL_Testing" time="0.0" classname="com.asms.testcases.DirectURLTesting">
    <skipped/>
  </testcase> <!-- directASMS_URL_Testing -->
  <testcase name="directASMS_URL_Testing" time="0.0" classname="com.asms.testcases.DirectURLTesting">
    <skipped/>
  </testcase> <!-- directASMS_URL_Testing -->
  <testcase name="directASMS_URL_Testing" time="0.0" classname="com.asms.testcases.DirectURLTesting">
    <skipped/>
  </testcase> <!-- directASMS_URL_Testing -->
  <testcase name="directASMS_URL_Testing" time="0.0" classname="com.asms.testcases.DirectURLTesting">
    <skipped/>
  </testcase> <!-- directASMS_URL_Testing -->
  <testcase name="directASMS_URL_Testing" time="0.0" classname="com.asms.testcases.DirectURLTesting">
    <skipped/>
  </testcase> <!-- directASMS_URL_Testing -->
  <testcase name="directASMS_URL_Testing" time="0.0" classname="com.asms.testcases.DirectURLTesting">
    <skipped/>
  </testcase> <!-- directASMS_URL_Testing -->
  <testcase name="directASMS_URL_Testing" time="0.0" classname="com.asms.testcases.DirectURLTesting">
    <skipped/>
  </testcase> <!-- directASMS_URL_Testing -->
  <testcase name="directASMS_URL_Testing" time="0.0" classname="com.asms.testcases.DirectURLTesting">
    <skipped/>
  </testcase> <!-- directASMS_URL_Testing -->
  <testcase name="directASMS_URL_Testing" time="0.0" classname="com.asms.testcases.DirectURLTesting">
    <skipped/>
  </testcase> <!-- directASMS_URL_Testing -->
  <testcase name="directASMS_URL_Testing" time="0.0" classname="com.asms.testcases.DirectURLTesting">
    <skipped/>
  </testcase> <!-- directASMS_URL_Testing -->
</testsuite> <!-- Test -->
